2022-03-10 17:23:04 [scrapy.utils.log] INFO: Scrapy 2.5.1 started (bot: Crawl_hyx)
2022-03-10 17:23:04 [scrapy.utils.log] INFO: Versions: lxml 4.7.1.0, libxml2 2.9.12, cssselect 1.1.0, parsel 1.6.0, w3lib 1.22.0, Twisted 22.1.0, Python 3.10.2 (tags/v3.10.2:a58ebcc, Jan 17 2022, 14:12:15) [MSC v.1929 64 bit (AMD64)], pyOpenSSL 22.0.0 (OpenSSL 1.1.1m  14 Dec 2021), cryptography 36.0.1, Platform Windows-10-10.0.19044-SP0
2022-03-10 17:23:04 [scrapy.utils.log] DEBUG: Using reactor: twisted.internet.selectreactor.SelectReactor
2022-03-10 17:23:04 [scrapy.crawler] INFO: Overridden settings:
{'BOT_NAME': 'Crawl_hyx',
 'LOG_FILE': 'log/scrapy_2022_3_10_11.log',
 'NEWSPIDER_MODULE': 'Crawl_hyx.spiders',
 'SPIDER_MODULES': ['Crawl_hyx.spiders']}
2022-03-10 17:23:04 [scrapy.extensions.telnet] INFO: Telnet Password: 29a24c31b5f9149f
2022-03-10 17:23:04 [scrapy.middleware] INFO: Enabled extensions:
['scrapy.extensions.corestats.CoreStats',
 'scrapy.extensions.telnet.TelnetConsole',
 'scrapy.extensions.logstats.LogStats']
2022-03-10 17:23:05 [selenium.webdriver.remote.remote_connection] DEBUG: POST http://localhost:60995/session {"capabilities": {"firstMatch": [{}], "alwaysMatch": {"browserName": "chrome", "pageLoadStrategy": "normal", "goog:chromeOptions": {"extensions": [], "args": ["--headless", "--disable-gpu", "--no-sandbox"]}}}, "desiredCapabilities": {"browserName": "chrome", "pageLoadStrategy": "normal", "goog:chromeOptions": {"extensions": [], "args": ["--headless", "--disable-gpu", "--no-sandbox"]}}}
2022-03-10 17:23:05 [urllib3.connectionpool] DEBUG: Starting new HTTP connection (1): localhost:60995
2022-03-10 17:23:05 [urllib3.connectionpool] DEBUG: http://localhost:60995 "POST /session HTTP/1.1" 200 797
2022-03-10 17:23:05 [selenium.webdriver.remote.remote_connection] DEBUG: Finished Request
2022-03-10 17:23:05 [selenium.webdriver.remote.remote_connection] DEBUG: POST http://localhost:60995/session/94295ad70cb9cd7a02416c89dcd982a0/timeouts {"implicit": 1000}
2022-03-10 17:23:05 [urllib3.connectionpool] DEBUG: http://localhost:60995 "POST /session/94295ad70cb9cd7a02416c89dcd982a0/timeouts HTTP/1.1" 200 14
2022-03-10 17:23:05 [selenium.webdriver.remote.remote_connection] DEBUG: Finished Request
2022-03-10 17:23:06 [scrapy.middleware] INFO: Enabled downloader middlewares:
['scrapy.downloadermiddlewares.httpauth.HttpAuthMiddleware',
 'Crawl_hyx.middlewares.CrawlHyxDownloaderMiddleware',
 'scrapy.downloadermiddlewares.downloadtimeout.DownloadTimeoutMiddleware',
 'scrapy.downloadermiddlewares.defaultheaders.DefaultHeadersMiddleware',
 'scrapy.downloadermiddlewares.useragent.UserAgentMiddleware',
 'scrapy.downloadermiddlewares.retry.RetryMiddleware',
 'scrapy.downloadermiddlewares.redirect.MetaRefreshMiddleware',
 'scrapy.downloadermiddlewares.httpcompression.HttpCompressionMiddleware',
 'scrapy.downloadermiddlewares.redirect.RedirectMiddleware',
 'scrapy.downloadermiddlewares.cookies.CookiesMiddleware',
 'scrapy.downloadermiddlewares.httpproxy.HttpProxyMiddleware',
 'scrapy.downloadermiddlewares.stats.DownloaderStats']
2022-03-10 17:23:06 [scrapy.middleware] INFO: Enabled spider middlewares:
['scrapy.spidermiddlewares.httperror.HttpErrorMiddleware',
 'scrapy.spidermiddlewares.offsite.OffsiteMiddleware',
 'scrapy.spidermiddlewares.referer.RefererMiddleware',
 'scrapy.spidermiddlewares.urllength.UrlLengthMiddleware',
 'scrapy.spidermiddlewares.depth.DepthMiddleware']
2022-03-10 17:23:06 [scrapy.middleware] INFO: Enabled item pipelines:
['Crawl_hyx.pipelines.TengxunPipeline', 'Crawl_hyx.pipelines.ImagePipeline']
2022-03-10 17:23:06 [scrapy.core.engine] INFO: Spider opened
2022-03-10 17:23:06 [scrapy.extensions.logstats] INFO: Crawled 0 pages (at 0 pages/min), scraped 0 items (at 0 items/min)
2022-03-10 17:23:06 [scrapy.extensions.telnet] INFO: Telnet console listening on 127.0.0.1:6023
2022-03-10 17:23:06 [selenium.webdriver.remote.remote_connection] DEBUG: POST http://localhost:60995/session/94295ad70cb9cd7a02416c89dcd982a0/url {"url": "https://new.qq.com/ch/milite/"}
2022-03-10 17:23:07 [urllib3.connectionpool] DEBUG: http://localhost:60995 "POST /session/94295ad70cb9cd7a02416c89dcd982a0/url HTTP/1.1" 200 14
2022-03-10 17:23:07 [selenium.webdriver.remote.remote_connection] DEBUG: Finished Request
2022-03-10 17:23:09 [selenium.webdriver.remote.remote_connection] DEBUG: GET http://localhost:60995/session/94295ad70cb9cd7a02416c89dcd982a0/source {}
2022-03-10 17:23:09 [urllib3.connectionpool] DEBUG: http://localhost:60995 "GET /session/94295ad70cb9cd7a02416c89dcd982a0/source HTTP/1.1" 200 89714
2022-03-10 17:23:09 [selenium.webdriver.remote.remote_connection] DEBUG: Finished Request
2022-03-10 17:23:09 [scrapy.core.engine] DEBUG: Crawled (200) <GET https://new.qq.com/ch/milite/> (referer: None)
2022-03-10 17:23:09 [selenium.webdriver.remote.remote_connection] DEBUG: POST http://localhost:60995/session/94295ad70cb9cd7a02416c89dcd982a0/url {"url": "https://new.qq.com/ch/milite/"}
2022-03-10 17:23:11 [urllib3.connectionpool] DEBUG: http://localhost:60995 "POST /session/94295ad70cb9cd7a02416c89dcd982a0/url HTTP/1.1" 200 14
2022-03-10 17:23:11 [selenium.webdriver.remote.remote_connection] DEBUG: Finished Request
2022-03-10 17:23:11 [selenium.webdriver.remote.remote_connection] DEBUG: POST http://localhost:60995/session/94295ad70cb9cd7a02416c89dcd982a0/execute/sync {"script": "return document.body.scrollHeight;", "args": []}
2022-03-10 17:23:11 [urllib3.connectionpool] DEBUG: http://localhost:60995 "POST /session/94295ad70cb9cd7a02416c89dcd982a0/execute/sync HTTP/1.1" 200 14
2022-03-10 17:23:11 [selenium.webdriver.remote.remote_connection] DEBUG: Finished Request
2022-03-10 17:23:13 [selenium.webdriver.remote.remote_connection] DEBUG: POST http://localhost:60995/session/94295ad70cb9cd7a02416c89dcd982a0/execute/sync {"script": "window.scrollBy(0,1000)", "args": []}
2022-03-10 17:23:13 [urllib3.connectionpool] DEBUG: http://localhost:60995 "POST /session/94295ad70cb9cd7a02416c89dcd982a0/execute/sync HTTP/1.1" 200 14
2022-03-10 17:23:13 [selenium.webdriver.remote.remote_connection] DEBUG: Finished Request
2022-03-10 17:23:15 [selenium.webdriver.remote.remote_connection] DEBUG: POST http://localhost:60995/session/94295ad70cb9cd7a02416c89dcd982a0/execute/sync {"script": "window.scrollBy(0,1000)", "args": []}
2022-03-10 17:23:15 [urllib3.connectionpool] DEBUG: http://localhost:60995 "POST /session/94295ad70cb9cd7a02416c89dcd982a0/execute/sync HTTP/1.1" 200 14
2022-03-10 17:23:15 [selenium.webdriver.remote.remote_connection] DEBUG: Finished Request
2022-03-10 17:23:17 [selenium.webdriver.remote.remote_connection] DEBUG: POST http://localhost:60995/session/94295ad70cb9cd7a02416c89dcd982a0/execute/sync {"script": "window.scrollBy(0,1000)", "args": []}
2022-03-10 17:23:17 [urllib3.connectionpool] DEBUG: http://localhost:60995 "POST /session/94295ad70cb9cd7a02416c89dcd982a0/execute/sync HTTP/1.1" 200 14
2022-03-10 17:23:17 [selenium.webdriver.remote.remote_connection] DEBUG: Finished Request
2022-03-10 17:23:19 [selenium.webdriver.remote.remote_connection] DEBUG: POST http://localhost:60995/session/94295ad70cb9cd7a02416c89dcd982a0/execute/sync {"script": "window.scrollBy(0,1000)", "args": []}
2022-03-10 17:23:19 [urllib3.connectionpool] DEBUG: http://localhost:60995 "POST /session/94295ad70cb9cd7a02416c89dcd982a0/execute/sync HTTP/1.1" 200 14
2022-03-10 17:23:19 [selenium.webdriver.remote.remote_connection] DEBUG: Finished Request
2022-03-10 17:23:21 [selenium.webdriver.remote.remote_connection] DEBUG: POST http://localhost:60995/session/94295ad70cb9cd7a02416c89dcd982a0/execute/sync {"script": "window.scrollBy(0,1000)", "args": []}
2022-03-10 17:23:21 [urllib3.connectionpool] DEBUG: http://localhost:60995 "POST /session/94295ad70cb9cd7a02416c89dcd982a0/execute/sync HTTP/1.1" 200 14
2022-03-10 17:23:21 [selenium.webdriver.remote.remote_connection] DEBUG: Finished Request
2022-03-10 17:23:23 [selenium.webdriver.remote.remote_connection] DEBUG: POST http://localhost:60995/session/94295ad70cb9cd7a02416c89dcd982a0/execute/sync {"script": "window.scrollBy(0,1000)", "args": []}
2022-03-10 17:23:23 [urllib3.connectionpool] DEBUG: http://localhost:60995 "POST /session/94295ad70cb9cd7a02416c89dcd982a0/execute/sync HTTP/1.1" 200 14
2022-03-10 17:23:23 [selenium.webdriver.remote.remote_connection] DEBUG: Finished Request
2022-03-10 17:23:23 [selenium.webdriver.remote.remote_connection] DEBUG: POST http://localhost:60995/session/94295ad70cb9cd7a02416c89dcd982a0/execute/sync {"script": "return document.body.scrollHeight;", "args": []}
2022-03-10 17:23:23 [urllib3.connectionpool] DEBUG: http://localhost:60995 "POST /session/94295ad70cb9cd7a02416c89dcd982a0/execute/sync HTTP/1.1" 200 14
2022-03-10 17:23:23 [selenium.webdriver.remote.remote_connection] DEBUG: Finished Request
2022-03-10 17:23:23 [selenium.webdriver.remote.remote_connection] DEBUG: POST http://localhost:60995/session/94295ad70cb9cd7a02416c89dcd982a0/url {"url": "https://new.qq.com/omn/20220310/20220310A06UPS00.html"}
2022-03-10 17:23:24 [urllib3.connectionpool] DEBUG: http://localhost:60995 "POST /session/94295ad70cb9cd7a02416c89dcd982a0/url HTTP/1.1" 200 14
2022-03-10 17:23:24 [selenium.webdriver.remote.remote_connection] DEBUG: Finished Request
2022-03-10 17:23:26 [selenium.webdriver.remote.remote_connection] DEBUG: GET http://localhost:60995/session/94295ad70cb9cd7a02416c89dcd982a0/source {}
2022-03-10 17:23:26 [urllib3.connectionpool] DEBUG: http://localhost:60995 "GET /session/94295ad70cb9cd7a02416c89dcd982a0/source HTTP/1.1" 200 96690
2022-03-10 17:23:26 [selenium.webdriver.remote.remote_connection] DEBUG: Finished Request
2022-03-10 17:23:26 [scrapy.core.engine] DEBUG: Crawled (200) <GET https://new.qq.com/omn/20220310/20220310A06UPS00.html> (referer: https://new.qq.com/ch/milite/)
2022-03-10 17:23:26 [selenium.webdriver.remote.remote_connection] DEBUG: POST http://localhost:60995/session/94295ad70cb9cd7a02416c89dcd982a0/url {"url": "https://new.qq.com/omn/20220310/20220310A061WZ00.html"}
2022-03-10 17:23:27 [urllib3.connectionpool] DEBUG: http://localhost:60995 "POST /session/94295ad70cb9cd7a02416c89dcd982a0/url HTTP/1.1" 200 14
2022-03-10 17:23:27 [selenium.webdriver.remote.remote_connection] DEBUG: Finished Request
2022-03-10 17:23:29 [selenium.webdriver.remote.remote_connection] DEBUG: GET http://localhost:60995/session/94295ad70cb9cd7a02416c89dcd982a0/source {}
2022-03-10 17:23:29 [urllib3.connectionpool] DEBUG: http://localhost:60995 "GET /session/94295ad70cb9cd7a02416c89dcd982a0/source HTTP/1.1" 200 53802
2022-03-10 17:23:29 [selenium.webdriver.remote.remote_connection] DEBUG: Finished Request
2022-03-10 17:23:29 [scrapy.core.engine] DEBUG: Crawled (200) <GET https://new.qq.com/omn/20220310/20220310A061WZ00.html> (referer: https://new.qq.com/ch/milite/)
2022-03-10 17:23:29 [selenium.webdriver.remote.remote_connection] DEBUG: POST http://localhost:60995/session/94295ad70cb9cd7a02416c89dcd982a0/url {"url": "https://new.qq.com/omn/20220310/20220310A06UPS00.html"}
2022-03-10 17:23:29 [urllib3.connectionpool] DEBUG: http://localhost:60995 "POST /session/94295ad70cb9cd7a02416c89dcd982a0/url HTTP/1.1" 200 14
2022-03-10 17:23:29 [selenium.webdriver.remote.remote_connection] DEBUG: Finished Request
2022-03-10 17:23:29 [selenium.webdriver.remote.remote_connection] DEBUG: POST http://localhost:60995/session/94295ad70cb9cd7a02416c89dcd982a0/timeouts {"implicit": 10000}
2022-03-10 17:23:29 [urllib3.connectionpool] DEBUG: http://localhost:60995 "POST /session/94295ad70cb9cd7a02416c89dcd982a0/timeouts HTTP/1.1" 200 14
2022-03-10 17:23:29 [selenium.webdriver.remote.remote_connection] DEBUG: Finished Request
2022-03-10 17:23:29 [urllib3.connectionpool] DEBUG: Starting new HTTPS connection (1): inews.gtimg.com:443
2022-03-10 17:23:29 [urllib3.connectionpool] DEBUG: https://inews.gtimg.com:443 "GET /newsapp_bt/0/14611715698/1000 HTTP/1.1" 200 45545
2022-03-10 17:23:29 [scrapy.core.scraper] ERROR: Error processing {'author': '环球时报热点',
 'content': '据塔斯社报道，当地时间3月9日，在俄罗斯国防部简报会上，俄国防部发言人伊戈尔·科纳申科夫表示，乌克兰正试图从在波兰领空飞行的Е-3А飞机获得空中情况数据。Е-3А预警机。图源：北约网站科纳申科夫称，这些E-3A是北约预警机中的一部分。他说“乌克兰武装部队领导层在文尼察空军指挥所，正试图通过获取属于北约预警系统一部分的E-3A飞机的数据，来弥补有关空中情势信息不足的问题。”他还称，这些E-3A飞机在波兰领空全天候执行任务。根据俄罗斯国防部发布的消息，科纳申科夫在当天的简报会上还透露，在俄罗斯特别军事行动刚刚开始时，乌克兰军队拥有多达250架可用的战斗机和直升机。俄空天军部队目前已在地面和空中摧毁了其中的89架战斗机和57架直升机。部分乌克兰军队的飞机已经飞往罗马尼亚，没有参加战斗。另外，科纳申科夫还称，乌克兰90%的军用机场已被瘫痪，没有训练有素的一级和二级飞行员能升空。9日全天，只有一次乌克兰空军飞机尝试飞行的记录。免责声明：本文来自腾讯新闻客户端创作者，不代表腾讯网的观点和立场。',
 'followNum': '',
 'fromWhere': '',
 'img_url': ['//inews.gtimg.com/newsapp_bt/0/14611715698/1000'],
 'pubTime': '2022/03/10 16:30',
 'readNum': '',
 'regTime': '',
 'retweetNum': '',
 'source': '腾讯军事',
 'timestamp': '20220310172329',
 'title': '俄国防部：乌克兰正试图通过北约预警机获取空情数据',
 'url': 'https://new.qq.com/omn/20220310/20220310A06UPS00.html'}
Traceback (most recent call last):
  File "D:\Python\Crawler_hyx\venv\lib\site-packages\twisted\internet\defer.py", line 857, in _runCallbacks
    current.result = callback(  # type: ignore[misc]
  File "D:\Python\Crawler_hyx\venv\lib\site-packages\scrapy\utils\defer.py", line 150, in f
    return deferred_from_coro(coro_f(*coro_args, **coro_kwargs))
  File "D:\Python\Crawler_hyx\venv\lib\site-packages\scrapy\pipelines\media.py", line 88, in process_item
    dlist = [self._process_request(r, info, item) for r in requests]
  File "D:\Python\Crawler_hyx\venv\lib\site-packages\scrapy\pipelines\media.py", line 88, in <listcomp>
    dlist = [self._process_request(r, info, item) for r in requests]
  File "D:\Python\Crawler_hyx\Crawl_hyx\Crawl_hyx\pipelines.py", line 165, in get_media_requests
    yield scrapy.Request(url)
  File "D:\Python\Crawler_hyx\venv\lib\site-packages\scrapy\http\request\__init__.py", line 25, in __init__
    self._set_url(url)
  File "D:\Python\Crawler_hyx\venv\lib\site-packages\scrapy\http\request\__init__.py", line 73, in _set_url
    raise ValueError(f'Missing scheme in request url: {self._url}')
ValueError: Missing scheme in request url: //inews.gtimg.com/newsapp_bt/0/14611715698/1000
2022-03-10 17:23:29 [selenium.webdriver.remote.remote_connection] DEBUG: POST http://localhost:60995/session/94295ad70cb9cd7a02416c89dcd982a0/url {"url": "https://new.qq.com/omn/20220310/20220310A0638V00.html"}
2022-03-10 17:23:30 [urllib3.connectionpool] DEBUG: http://localhost:60995 "POST /session/94295ad70cb9cd7a02416c89dcd982a0/url HTTP/1.1" 200 14
2022-03-10 17:23:30 [selenium.webdriver.remote.remote_connection] DEBUG: Finished Request
2022-03-10 17:23:32 [selenium.webdriver.remote.remote_connection] DEBUG: GET http://localhost:60995/session/94295ad70cb9cd7a02416c89dcd982a0/source {}
2022-03-10 17:23:32 [urllib3.connectionpool] DEBUG: http://localhost:60995 "GET /session/94295ad70cb9cd7a02416c89dcd982a0/source HTTP/1.1" 200 51405
2022-03-10 17:23:32 [selenium.webdriver.remote.remote_connection] DEBUG: Finished Request
2022-03-10 17:23:32 [scrapy.core.engine] DEBUG: Crawled (200) <GET https://new.qq.com/omn/20220310/20220310A0638V00.html> (referer: https://new.qq.com/ch/milite/)
2022-03-10 17:23:32 [selenium.webdriver.remote.remote_connection] DEBUG: POST http://localhost:60995/session/94295ad70cb9cd7a02416c89dcd982a0/url {"url": "https://new.qq.com/omn/20220310/20220310A061WZ00.html"}
2022-03-10 17:23:33 [urllib3.connectionpool] DEBUG: http://localhost:60995 "POST /session/94295ad70cb9cd7a02416c89dcd982a0/url HTTP/1.1" 200 14
2022-03-10 17:23:33 [selenium.webdriver.remote.remote_connection] DEBUG: Finished Request
2022-03-10 17:23:33 [selenium.webdriver.remote.remote_connection] DEBUG: POST http://localhost:60995/session/94295ad70cb9cd7a02416c89dcd982a0/timeouts {"implicit": 10000}
2022-03-10 17:23:33 [urllib3.connectionpool] DEBUG: http://localhost:60995 "POST /session/94295ad70cb9cd7a02416c89dcd982a0/timeouts HTTP/1.1" 200 14
2022-03-10 17:23:33 [selenium.webdriver.remote.remote_connection] DEBUG: Finished Request
2022-03-10 17:23:33 [urllib3.connectionpool] DEBUG: Starting new HTTPS connection (1): inews.gtimg.com:443
2022-03-10 17:23:33 [urllib3.connectionpool] DEBUG: https://inews.gtimg.com:443 "GET /newsapp_bt/0/14611450237/1000 HTTP/1.1" 200 90987
2022-03-10 17:23:33 [scrapy.core.scraper] ERROR: Error processing {'author': '解放军新闻传播中心融媒体',
 'content': '免责声明：本文来自腾讯新闻客户端创作者，不代表腾讯网的观点和立场。',
 'followNum': '',
 'fromWhere': '',
 'img_url': ['//inews.gtimg.com/newsapp_bt/0/14611450237/1000'],
 'pubTime': '2022/03/10 15:29',
 'readNum': '',
 'regTime': '',
 'retweetNum': '',
 'source': '腾讯军事',
 'timestamp': '20220310172333',
 'title': '对于‘台独’分裂行径和外部势力干涉 中国人民解放军绝不姑息 露头就打',
 'url': 'https://new.qq.com/omn/20220310/20220310A061WZ00.html'}
Traceback (most recent call last):
  File "D:\Python\Crawler_hyx\venv\lib\site-packages\twisted\internet\defer.py", line 857, in _runCallbacks
    current.result = callback(  # type: ignore[misc]
  File "D:\Python\Crawler_hyx\venv\lib\site-packages\scrapy\utils\defer.py", line 150, in f
    return deferred_from_coro(coro_f(*coro_args, **coro_kwargs))
  File "D:\Python\Crawler_hyx\venv\lib\site-packages\scrapy\pipelines\media.py", line 88, in process_item
    dlist = [self._process_request(r, info, item) for r in requests]
  File "D:\Python\Crawler_hyx\venv\lib\site-packages\scrapy\pipelines\media.py", line 88, in <listcomp>
    dlist = [self._process_request(r, info, item) for r in requests]
  File "D:\Python\Crawler_hyx\Crawl_hyx\Crawl_hyx\pipelines.py", line 165, in get_media_requests
    yield scrapy.Request(url)
  File "D:\Python\Crawler_hyx\venv\lib\site-packages\scrapy\http\request\__init__.py", line 25, in __init__
    self._set_url(url)
  File "D:\Python\Crawler_hyx\venv\lib\site-packages\scrapy\http\request\__init__.py", line 73, in _set_url
    raise ValueError(f'Missing scheme in request url: {self._url}')
ValueError: Missing scheme in request url: //inews.gtimg.com/newsapp_bt/0/14611450237/1000
2022-03-10 17:23:33 [selenium.webdriver.remote.remote_connection] DEBUG: POST http://localhost:60995/session/94295ad70cb9cd7a02416c89dcd982a0/url {"url": "https://new.qq.com/omn/20220310/20220310A04T0G00.html"}
2022-03-10 17:23:34 [urllib3.connectionpool] DEBUG: http://localhost:60995 "POST /session/94295ad70cb9cd7a02416c89dcd982a0/url HTTP/1.1" 200 14
2022-03-10 17:23:34 [selenium.webdriver.remote.remote_connection] DEBUG: Finished Request
2022-03-10 17:23:36 [selenium.webdriver.remote.remote_connection] DEBUG: GET http://localhost:60995/session/94295ad70cb9cd7a02416c89dcd982a0/source {}
2022-03-10 17:23:36 [urllib3.connectionpool] DEBUG: http://localhost:60995 "GET /session/94295ad70cb9cd7a02416c89dcd982a0/source HTTP/1.1" 200 57946
2022-03-10 17:23:36 [selenium.webdriver.remote.remote_connection] DEBUG: Finished Request
2022-03-10 17:23:36 [scrapy.core.engine] DEBUG: Crawled (200) <GET https://new.qq.com/omn/20220310/20220310A04T0G00.html> (referer: https://new.qq.com/ch/milite/)
2022-03-10 17:23:36 [selenium.webdriver.remote.remote_connection] DEBUG: POST http://localhost:60995/session/94295ad70cb9cd7a02416c89dcd982a0/url {"url": "https://new.qq.com/omn/20220310/20220310A051ZK00.html"}
2022-03-10 17:23:37 [urllib3.connectionpool] DEBUG: http://localhost:60995 "POST /session/94295ad70cb9cd7a02416c89dcd982a0/url HTTP/1.1" 200 14
2022-03-10 17:23:37 [selenium.webdriver.remote.remote_connection] DEBUG: Finished Request
2022-03-10 17:23:39 [selenium.webdriver.remote.remote_connection] DEBUG: GET http://localhost:60995/session/94295ad70cb9cd7a02416c89dcd982a0/source {}
2022-03-10 17:23:39 [urllib3.connectionpool] DEBUG: http://localhost:60995 "GET /session/94295ad70cb9cd7a02416c89dcd982a0/source HTTP/1.1" 200 53759
2022-03-10 17:23:39 [selenium.webdriver.remote.remote_connection] DEBUG: Finished Request
2022-03-10 17:23:39 [scrapy.core.engine] DEBUG: Crawled (200) <GET https://new.qq.com/omn/20220310/20220310A051ZK00.html> (referer: https://new.qq.com/ch/milite/)
2022-03-10 17:23:39 [selenium.webdriver.remote.remote_connection] DEBUG: POST http://localhost:60995/session/94295ad70cb9cd7a02416c89dcd982a0/url {"url": "https://new.qq.com/omn/20220310/20220310A069WP00.html"}
2022-03-10 17:23:40 [urllib3.connectionpool] DEBUG: http://localhost:60995 "POST /session/94295ad70cb9cd7a02416c89dcd982a0/url HTTP/1.1" 200 14
2022-03-10 17:23:40 [selenium.webdriver.remote.remote_connection] DEBUG: Finished Request
2022-03-10 17:23:42 [selenium.webdriver.remote.remote_connection] DEBUG: GET http://localhost:60995/session/94295ad70cb9cd7a02416c89dcd982a0/source {}
2022-03-10 17:23:42 [urllib3.connectionpool] DEBUG: http://localhost:60995 "GET /session/94295ad70cb9cd7a02416c89dcd982a0/source HTTP/1.1" 200 58154
2022-03-10 17:23:42 [selenium.webdriver.remote.remote_connection] DEBUG: Finished Request
2022-03-10 17:23:42 [scrapy.core.engine] DEBUG: Crawled (200) <GET https://new.qq.com/omn/20220310/20220310A069WP00.html> (referer: https://new.qq.com/ch/milite/)
2022-03-10 17:23:42 [selenium.webdriver.remote.remote_connection] DEBUG: POST http://localhost:60995/session/94295ad70cb9cd7a02416c89dcd982a0/url {"url": "https://new.qq.com/omn/20220310/20220310A05ZYS00.html"}
2022-03-10 17:23:43 [urllib3.connectionpool] DEBUG: http://localhost:60995 "POST /session/94295ad70cb9cd7a02416c89dcd982a0/url HTTP/1.1" 200 14
2022-03-10 17:23:43 [selenium.webdriver.remote.remote_connection] DEBUG: Finished Request
2022-03-10 17:23:45 [selenium.webdriver.remote.remote_connection] DEBUG: GET http://localhost:60995/session/94295ad70cb9cd7a02416c89dcd982a0/source {}
2022-03-10 17:23:45 [urllib3.connectionpool] DEBUG: http://localhost:60995 "GET /session/94295ad70cb9cd7a02416c89dcd982a0/source HTTP/1.1" 200 160134
2022-03-10 17:23:45 [selenium.webdriver.remote.remote_connection] DEBUG: Finished Request
2022-03-10 17:23:45 [scrapy.core.engine] DEBUG: Crawled (200) <GET https://new.qq.com/omn/20220310/20220310A05ZYS00.html> (referer: https://new.qq.com/ch/milite/)
2022-03-10 17:23:45 [scrapy.downloadermiddlewares.redirect] DEBUG: Redirecting (302) to <GET http://new.qq.com/notfound.htm?uri=http://new.qq.com/omn/DSG20220/DSG2022031000589600.html> from <GET https://new.qq.com/omn/DSG20220/DSG2022031000589600.html>
2022-03-10 17:23:45 [selenium.webdriver.remote.remote_connection] DEBUG: POST http://localhost:60995/session/94295ad70cb9cd7a02416c89dcd982a0/url {"url": "https://new.qq.com/omn/20220310/20220310A060EC00.html"}
2022-03-10 17:23:46 [urllib3.connectionpool] DEBUG: http://localhost:60995 "POST /session/94295ad70cb9cd7a02416c89dcd982a0/url HTTP/1.1" 200 14
2022-03-10 17:23:46 [selenium.webdriver.remote.remote_connection] DEBUG: Finished Request
2022-03-10 17:23:48 [selenium.webdriver.remote.remote_connection] DEBUG: GET http://localhost:60995/session/94295ad70cb9cd7a02416c89dcd982a0/source {}
2022-03-10 17:23:48 [urllib3.connectionpool] DEBUG: http://localhost:60995 "GET /session/94295ad70cb9cd7a02416c89dcd982a0/source HTTP/1.1" 200 130180
2022-03-10 17:23:48 [selenium.webdriver.remote.remote_connection] DEBUG: Finished Request
2022-03-10 17:23:48 [scrapy.core.engine] DEBUG: Crawled (200) <GET https://new.qq.com/omn/20220310/20220310A060EC00.html> (referer: https://new.qq.com/ch/milite/)
2022-03-10 17:23:48 [selenium.webdriver.remote.remote_connection] DEBUG: POST http://localhost:60995/session/94295ad70cb9cd7a02416c89dcd982a0/url {"url": "https://new.qq.com/omn/20220310/20220310A056XJ00.html"}
2022-03-10 17:23:49 [urllib3.connectionpool] DEBUG: http://localhost:60995 "POST /session/94295ad70cb9cd7a02416c89dcd982a0/url HTTP/1.1" 200 14
2022-03-10 17:23:49 [selenium.webdriver.remote.remote_connection] DEBUG: Finished Request
2022-03-10 17:23:51 [selenium.webdriver.remote.remote_connection] DEBUG: GET http://localhost:60995/session/94295ad70cb9cd7a02416c89dcd982a0/source {}
2022-03-10 17:23:51 [urllib3.connectionpool] DEBUG: http://localhost:60995 "GET /session/94295ad70cb9cd7a02416c89dcd982a0/source HTTP/1.1" 200 54821
2022-03-10 17:23:51 [selenium.webdriver.remote.remote_connection] DEBUG: Finished Request
2022-03-10 17:23:51 [scrapy.core.engine] DEBUG: Crawled (200) <GET https://new.qq.com/omn/20220310/20220310A056XJ00.html> (referer: https://new.qq.com/ch/milite/)
2022-03-10 17:23:51 [selenium.webdriver.remote.remote_connection] DEBUG: POST http://localhost:60995/session/94295ad70cb9cd7a02416c89dcd982a0/url {"url": "https://new.qq.com/omn/20220310/20220310A050U800.html"}
2022-03-10 17:23:51 [urllib3.connectionpool] DEBUG: http://localhost:60995 "POST /session/94295ad70cb9cd7a02416c89dcd982a0/url HTTP/1.1" 200 14
2022-03-10 17:23:51 [selenium.webdriver.remote.remote_connection] DEBUG: Finished Request
2022-03-10 17:23:53 [selenium.webdriver.remote.remote_connection] DEBUG: GET http://localhost:60995/session/94295ad70cb9cd7a02416c89dcd982a0/source {}
2022-03-10 17:23:53 [urllib3.connectionpool] DEBUG: http://localhost:60995 "GET /session/94295ad70cb9cd7a02416c89dcd982a0/source HTTP/1.1" 200 55542
2022-03-10 17:23:53 [selenium.webdriver.remote.remote_connection] DEBUG: Finished Request
2022-03-10 17:23:53 [scrapy.core.engine] DEBUG: Crawled (200) <GET https://new.qq.com/omn/20220310/20220310A050U800.html> (referer: https://new.qq.com/ch/milite/)
2022-03-10 17:23:53 [selenium.webdriver.remote.remote_connection] DEBUG: POST http://localhost:60995/session/94295ad70cb9cd7a02416c89dcd982a0/url {"url": "https://new.qq.com/omn/20220310/20220310A0638V00.html"}
2022-03-10 17:23:54 [urllib3.connectionpool] DEBUG: http://localhost:60995 "POST /session/94295ad70cb9cd7a02416c89dcd982a0/url HTTP/1.1" 200 14
2022-03-10 17:23:54 [selenium.webdriver.remote.remote_connection] DEBUG: Finished Request
2022-03-10 17:23:54 [selenium.webdriver.remote.remote_connection] DEBUG: POST http://localhost:60995/session/94295ad70cb9cd7a02416c89dcd982a0/timeouts {"implicit": 10000}
2022-03-10 17:23:54 [urllib3.connectionpool] DEBUG: http://localhost:60995 "POST /session/94295ad70cb9cd7a02416c89dcd982a0/timeouts HTTP/1.1" 200 14
2022-03-10 17:23:54 [selenium.webdriver.remote.remote_connection] DEBUG: Finished Request
2022-03-10 17:23:54 [urllib3.connectionpool] DEBUG: Starting new HTTPS connection (1): inews.gtimg.com:443
2022-03-10 17:23:55 [urllib3.connectionpool] DEBUG: https://inews.gtimg.com:443 "GET /newsapp_bt/0/14611464144/1000 HTTP/1.1" 200 128606
2022-03-10 17:23:55 [urllib3.connectionpool] DEBUG: Starting new HTTPS connection (1): inews.gtimg.com:443
2022-03-10 17:23:55 [urllib3.connectionpool] DEBUG: https://inews.gtimg.com:443 "GET /newsapp_bt/0/14611464074/1000 HTTP/1.1" 200 186707
2022-03-10 17:23:56 [urllib3.connectionpool] DEBUG: Starting new HTTPS connection (1): inews.gtimg.com:443
2022-03-10 17:23:56 [urllib3.connectionpool] DEBUG: https://inews.gtimg.com:443 "GET /newsapp_bt/0/14611472768/1000 HTTP/1.1" 200 108759
2022-03-10 17:23:57 [scrapy.core.scraper] ERROR: Error processing {'author': '解放军新闻传播中心融媒体',
 'content': '来源：国防在线·中国军号一道道身穿马甲的红色身影，划破静谧的夜空，穿梭在山东省威海市文登区各个疫情防控卡口，第一时间给连续奋战在一线的医护工作人员送去了热腾腾的饭菜以及牛奶泡面等慰问物资，再一次验证了病毒无情，但人间处处有温暖。“作为一名退役军人，虽然脱下了军装，但是军魂犹在！现在疫情防控形势严峻，医护工作者昼夜奋战在一线，我们应该为她们做力所能及的事情，我们时刻不要忘记了，我们曾经是军人，一辈子都是军人！”身穿马甲的身影便是军友情志愿服队发起人于杰和他的战友们。据了解，军友情志愿服务队于2021年6月成立，是以投身公益事业作为主线，以全心全意为人民服务、尽己所能帮扶贫困老兵为目标的纯公益性组织，不带有任何私人利益和个人目的，只靠个人的自觉行为。“军友情志愿服务队”的成立，让那些身在地方心在军营的退役军人有了新的阵地，尤其是他们上山下乡、走街串巷慰问老兵的事情被报道后，越来越多的战友纷纷关注和响应，短短的10个月，曾经10多人的班级团队扩大至160多人，划分成关爱老兵、暖心助老和助困圆梦3个连级团队。截止目前，已经组织了12次活动，自筹资金1万余元，慰问走访了10余名困难老兵，足迹涉及到文登区的7个乡镇。“此次疫情突袭，整个威海按下了暂停键，但是我们队员不会停歇，在做好自身防护的前提下，与医护工作者一道，坚守在各个疫情防控关卡，贡献我们力所能及的力量！”副队长王明明说道。（国防在线·中国军号出品）免责声明：本文来自腾讯新闻客户端创作者，不代表腾讯网的观点和立场。',
 'followNum': '',
 'fromWhere': '',
 'img_url': ['//inews.gtimg.com/newsapp_bt/0/14611464144/1000',
             '//inews.gtimg.com/newsapp_bt/0/14611464074/1000',
             '//inews.gtimg.com/newsapp_bt/0/14611472768/1000'],
 'pubTime': '2022/03/10 15:32',
 'readNum': '',
 'regTime': '',
 'retweetNum': '',
 'source': '腾讯军事',
 'timestamp': '20220310172354',
 'title': '在新阵地续写荣光',
 'url': 'https://new.qq.com/omn/20220310/20220310A0638V00.html'}
Traceback (most recent call last):
  File "D:\Python\Crawler_hyx\venv\lib\site-packages\twisted\internet\defer.py", line 857, in _runCallbacks
    current.result = callback(  # type: ignore[misc]
  File "D:\Python\Crawler_hyx\venv\lib\site-packages\scrapy\utils\defer.py", line 150, in f
    return deferred_from_coro(coro_f(*coro_args, **coro_kwargs))
  File "D:\Python\Crawler_hyx\venv\lib\site-packages\scrapy\pipelines\media.py", line 88, in process_item
    dlist = [self._process_request(r, info, item) for r in requests]
  File "D:\Python\Crawler_hyx\venv\lib\site-packages\scrapy\pipelines\media.py", line 88, in <listcomp>
    dlist = [self._process_request(r, info, item) for r in requests]
  File "D:\Python\Crawler_hyx\Crawl_hyx\Crawl_hyx\pipelines.py", line 165, in get_media_requests
    yield scrapy.Request(url)
  File "D:\Python\Crawler_hyx\venv\lib\site-packages\scrapy\http\request\__init__.py", line 25, in __init__
    self._set_url(url)
  File "D:\Python\Crawler_hyx\venv\lib\site-packages\scrapy\http\request\__init__.py", line 73, in _set_url
    raise ValueError(f'Missing scheme in request url: {self._url}')
ValueError: Missing scheme in request url: //inews.gtimg.com/newsapp_bt/0/14611464144/1000
2022-03-10 17:23:57 [selenium.webdriver.remote.remote_connection] DEBUG: POST http://localhost:60995/session/94295ad70cb9cd7a02416c89dcd982a0/url {"url": "https://new.qq.com/omn/20220310/20220310A04T0G00.html"}
2022-03-10 17:23:57 [urllib3.connectionpool] DEBUG: http://localhost:60995 "POST /session/94295ad70cb9cd7a02416c89dcd982a0/url HTTP/1.1" 200 14
2022-03-10 17:23:57 [selenium.webdriver.remote.remote_connection] DEBUG: Finished Request
2022-03-10 17:23:57 [selenium.webdriver.remote.remote_connection] DEBUG: POST http://localhost:60995/session/94295ad70cb9cd7a02416c89dcd982a0/timeouts {"implicit": 10000}
2022-03-10 17:23:57 [urllib3.connectionpool] DEBUG: http://localhost:60995 "POST /session/94295ad70cb9cd7a02416c89dcd982a0/timeouts HTTP/1.1" 200 14
2022-03-10 17:23:57 [selenium.webdriver.remote.remote_connection] DEBUG: Finished Request
2022-03-10 17:23:57 [urllib3.connectionpool] DEBUG: Starting new HTTPS connection (1): inews.gtimg.com:443
2022-03-10 17:23:58 [urllib3.connectionpool] DEBUG: https://inews.gtimg.com:443 "GET /newsapp_bt/0/14611054071/1000 HTTP/1.1" 200 28020
2022-03-10 17:23:58 [scrapy.core.scraper] ERROR: Error processing {'author': '观察者网',
 'content': '【文/观察者网王世纯】俄乌冲突继续，美俄核冲突阴影之下，美军担心却是中国。据防务新闻网站3月9日报道，主管美军核打击力量的美国战略司令部司令理查德上将3月8日表示，在俄罗斯和中国加强关系之后，他“非常担心”两国可能的“在核武器上的合作”。美军战略司令部司令表示，现在全球核态势已经从美俄“楚汉争雄”变成了中美俄“三分天下”，这是美军从来没有面对过的情况，在美军需要以一敌二的情况下，美军必须重新审视自己的核力量。理查德在听证会上重申了他对核现代化的主张，呼吁尽快部署下一代陆基洲际弹道导弹“地面战略威慑”。美军战略司令部司令理查德图源：社交媒体美媒声称的，我军新修建的导弹发射井图源：华盛顿邮报主管美军核力量的美国战略司令部司令理查德上将3月8日告诉告诉参议院军事委员会说，他的工作包括威慑中俄两个国家，他的部门必须为两国合作的情况做好准备。他渲染称：“我非常担心投机主义攻势会是什么一种情况，我担心（中俄）合作进攻会造成什么样的后果。”理查德表示，中俄不断增长的武库以及俄罗斯最近的核动作时证明，美国必须进一步重新审视美国战略部队的“能力和态势”，所有美军的核威慑能力都必须不断地重新评估。他说：“我们不知道其他（指中俄）两个国家的（核武库）能力或发展的终点，我们现在才刚刚开始搞清楚三方稳定是什么样子。除此之外，我们还实时学习了许多关于实际危机威慑如何发挥作用的经验教训。这与我们大多数人经历过的稳定状态的威慑不同。”这位战略司令部司令自去年9月份以来一直在炒作中国“扩核”。理查德9月正式宣布，中国实现了战略突破，这意味着其核能力的重大扩张，这让美国军队需要作出反应。去年11月初，美国国防部一年一度向参议院提交的《中国军事与安全发展报告2021》中宣称，未来5年，解放军拥有的“可投送”核弹头可能多达700枚，到2030年可能达到1000枚。不过，1000枚核武器似乎不是终点。理查德在证词中说，目前他们也不清楚中方面的“最终目标”。理查德这样说：“我不知道我们对（中国的核武库）的终点或扩核速度有什么想法。当我第一次在这里作证时，我们还在质疑中国是否有能力在10年内将库存增加一倍。但在我观察下，中国人实际上已经非常接近这样做了，我认为我们需要把这一点纳入我们的计算，因为我们需要考虑我们需要什么（样的能力）来保护自己。”由于拜登政府的《2023财年政府财政预算》和2022年度的《核态势评估报告》（nuclearPostureReview）还没有公开发布，这次参议院听证会对核问题的讨论受到了限制。尽管如此，理查德在听证会上重申了他对核现代化的主张，特别是他呼吁加快研制下一代陆基洲际弹道导弹“地面战略威慑”。对于外界炒作的“扩核”，驻欧盟使团发言人6月15日就此事答记者问时表示，北约称中国构成了所谓“系统性挑战”，是对中国和平发展的诋毁、对国际形势和自身角色的误判，更是冷战思维延续和集团政治心理作祟。中国的核武器数量与美国等北约国家完全不在一个量级，北约的核弹头数量是中国的20倍。本文系观察者网独家稿件，未经授权，不得转载。免责声明：本文来自腾讯新闻客户端创作者，不代表腾讯网的观点和立场。',
 'followNum': '',
 'fromWhere': '',
 'img_url': ['//inews.gtimg.com/newsapp_bt/0/14611054071/1000'],
 'pubTime': '2022/03/10 13:56',
 'readNum': '',
 'regTime': '',
 'retweetNum': '',
 'source': '腾讯军事',
 'timestamp': '20220310172357',
 'title': '美战略司令：担心中俄“核武器合作”',
 'url': 'https://new.qq.com/omn/20220310/20220310A04T0G00.html'}
Traceback (most recent call last):
  File "D:\Python\Crawler_hyx\venv\lib\site-packages\twisted\internet\defer.py", line 857, in _runCallbacks
    current.result = callback(  # type: ignore[misc]
  File "D:\Python\Crawler_hyx\venv\lib\site-packages\scrapy\utils\defer.py", line 150, in f
    return deferred_from_coro(coro_f(*coro_args, **coro_kwargs))
  File "D:\Python\Crawler_hyx\venv\lib\site-packages\scrapy\pipelines\media.py", line 88, in process_item
    dlist = [self._process_request(r, info, item) for r in requests]
  File "D:\Python\Crawler_hyx\venv\lib\site-packages\scrapy\pipelines\media.py", line 88, in <listcomp>
    dlist = [self._process_request(r, info, item) for r in requests]
  File "D:\Python\Crawler_hyx\Crawl_hyx\Crawl_hyx\pipelines.py", line 165, in get_media_requests
    yield scrapy.Request(url)
  File "D:\Python\Crawler_hyx\venv\lib\site-packages\scrapy\http\request\__init__.py", line 25, in __init__
    self._set_url(url)
  File "D:\Python\Crawler_hyx\venv\lib\site-packages\scrapy\http\request\__init__.py", line 73, in _set_url
    raise ValueError(f'Missing scheme in request url: {self._url}')
ValueError: Missing scheme in request url: //inews.gtimg.com/newsapp_bt/0/14611054071/1000
2022-03-10 17:23:58 [selenium.webdriver.remote.remote_connection] DEBUG: POST http://localhost:60995/session/94295ad70cb9cd7a02416c89dcd982a0/url {"url": "https://new.qq.com/omn/20220310/20220310A051ZK00.html"}
2022-03-10 17:23:59 [urllib3.connectionpool] DEBUG: http://localhost:60995 "POST /session/94295ad70cb9cd7a02416c89dcd982a0/url HTTP/1.1" 200 14
2022-03-10 17:23:59 [selenium.webdriver.remote.remote_connection] DEBUG: Finished Request
2022-03-10 17:23:59 [selenium.webdriver.remote.remote_connection] DEBUG: POST http://localhost:60995/session/94295ad70cb9cd7a02416c89dcd982a0/timeouts {"implicit": 10000}
2022-03-10 17:23:59 [urllib3.connectionpool] DEBUG: http://localhost:60995 "POST /session/94295ad70cb9cd7a02416c89dcd982a0/timeouts HTTP/1.1" 200 14
2022-03-10 17:23:59 [selenium.webdriver.remote.remote_connection] DEBUG: Finished Request
2022-03-10 17:23:59 [urllib3.connectionpool] DEBUG: Starting new HTTPS connection (1): inews.gtimg.com:443
2022-03-10 17:23:59 [urllib3.connectionpool] DEBUG: https://inews.gtimg.com:443 "GET /newsapp_bt/0/14611134082/1000 HTTP/1.1" 200 119740
2022-03-10 17:23:59 [urllib3.connectionpool] DEBUG: Starting new HTTPS connection (1): inews.gtimg.com:443
2022-03-10 17:23:59 [urllib3.connectionpool] DEBUG: https://inews.gtimg.com:443 "GET /newsapp_bt/0/14611134079/1000 HTTP/1.1" 200 86555
2022-03-10 17:23:59 [scrapy.core.scraper] ERROR: Error processing {'author': '环球网',
 'content': '来源：央视新闻客户端当地时间10日，俄罗斯外长拉夫罗夫以及乌克兰外长库列巴将在安塔利亚举行会谈。总台CGTN报道员MichalBardavid在土耳其安塔利亚的一家酒店外，和各国记者一起排队等候发放媒体证件。俄乌会谈将于10日早11时在此举行。据悉，这是自2月24日俄罗斯发动特别军事行动以来，俄乌高层首次直接接触。（总台报道员MichalBardavid）免责声明：本文来自腾讯新闻客户端创作者，不代表腾讯网的观点和立场。',
 'followNum': '',
 'fromWhere': '',
 'img_url': ['//inews.gtimg.com/newsapp_bt/0/14611134082/1000',
             '//inews.gtimg.com/newsapp_bt/0/14611134079/1000'],
 'pubTime': '2022/03/10 13:58',
 'readNum': '',
 'regTime': '',
 'retweetNum': '',
 'source': '腾讯军事',
 'timestamp': '20220310172359',
 'title': '俄乌会谈即将举行',
 'url': 'https://new.qq.com/omn/20220310/20220310A051ZK00.html'}
Traceback (most recent call last):
  File "D:\Python\Crawler_hyx\venv\lib\site-packages\twisted\internet\defer.py", line 857, in _runCallbacks
    current.result = callback(  # type: ignore[misc]
  File "D:\Python\Crawler_hyx\venv\lib\site-packages\scrapy\utils\defer.py", line 150, in f
    return deferred_from_coro(coro_f(*coro_args, **coro_kwargs))
  File "D:\Python\Crawler_hyx\venv\lib\site-packages\scrapy\pipelines\media.py", line 88, in process_item
    dlist = [self._process_request(r, info, item) for r in requests]
  File "D:\Python\Crawler_hyx\venv\lib\site-packages\scrapy\pipelines\media.py", line 88, in <listcomp>
    dlist = [self._process_request(r, info, item) for r in requests]
  File "D:\Python\Crawler_hyx\Crawl_hyx\Crawl_hyx\pipelines.py", line 165, in get_media_requests
    yield scrapy.Request(url)
  File "D:\Python\Crawler_hyx\venv\lib\site-packages\scrapy\http\request\__init__.py", line 25, in __init__
    self._set_url(url)
  File "D:\Python\Crawler_hyx\venv\lib\site-packages\scrapy\http\request\__init__.py", line 73, in _set_url
    raise ValueError(f'Missing scheme in request url: {self._url}')
ValueError: Missing scheme in request url: //inews.gtimg.com/newsapp_bt/0/14611134082/1000
2022-03-10 17:23:59 [selenium.webdriver.remote.remote_connection] DEBUG: POST http://localhost:60995/session/94295ad70cb9cd7a02416c89dcd982a0/url {"url": "https://new.qq.com/omn/20220310/20220310A069WP00.html"}
2022-03-10 17:24:04 [urllib3.connectionpool] DEBUG: http://localhost:60995 "POST /session/94295ad70cb9cd7a02416c89dcd982a0/url HTTP/1.1" 200 14
2022-03-10 17:24:04 [selenium.webdriver.remote.remote_connection] DEBUG: Finished Request
2022-03-10 17:24:04 [selenium.webdriver.remote.remote_connection] DEBUG: POST http://localhost:60995/session/94295ad70cb9cd7a02416c89dcd982a0/timeouts {"implicit": 10000}
2022-03-10 17:24:04 [urllib3.connectionpool] DEBUG: http://localhost:60995 "POST /session/94295ad70cb9cd7a02416c89dcd982a0/timeouts HTTP/1.1" 200 14
2022-03-10 17:24:04 [selenium.webdriver.remote.remote_connection] DEBUG: Finished Request
2022-03-10 17:24:04 [urllib3.connectionpool] DEBUG: Starting new HTTPS connection (1): inews.gtimg.com:443
2022-03-10 17:24:04 [urllib3.connectionpool] DEBUG: https://inews.gtimg.com:443 "GET /newsapp_bt/0/14611533422/1000 HTTP/1.1" 200 48453
2022-03-10 17:24:04 [urllib3.connectionpool] DEBUG: Starting new HTTPS connection (1): inews.gtimg.com:443
2022-03-10 17:24:04 [urllib3.connectionpool] DEBUG: https://inews.gtimg.com:443 "GET /newsapp_bt/0/14611533423/1000 HTTP/1.1" 200 36627
2022-03-10 17:24:04 [urllib3.connectionpool] DEBUG: Starting new HTTPS connection (1): inews.gtimg.com:443
2022-03-10 17:24:04 [urllib3.connectionpool] DEBUG: https://inews.gtimg.com:443 "GET /newsapp_bt/0/14611533424/1000 HTTP/1.1" 200 75882
2022-03-10 17:24:06 [urllib3.connectionpool] DEBUG: Starting new HTTPS connection (1): inews.gtimg.com:443
2022-03-10 17:24:06 [urllib3.connectionpool] DEBUG: https://inews.gtimg.com:443 "GET /newsapp_bt/0/14611533425/1000 HTTP/1.1" 200 856386
2022-03-10 17:24:07 [urllib3.connectionpool] DEBUG: Starting new HTTPS connection (1): inews.gtimg.com:443
2022-03-10 17:24:07 [urllib3.connectionpool] DEBUG: https://inews.gtimg.com:443 "GET /newsapp_bt/0/14611533426/1000 HTTP/1.1" 200 39127
2022-03-10 17:24:07 [scrapy.core.scraper] ERROR: Error processing {'author': '观察者网',
 'content': '（观察者网讯）当地时间3月9日，俄罗斯国防部承认，在此次对乌克兰“特别军事行动”中有俄军义务兵参与军事行动，并且有部分义务兵被乌克兰方面俘获，俄罗斯目前正对此展开调查。此前普京特别强调，只有职业军人会参与本次行动，现役义务兵和征召士兵不会参加。综合塔斯社、今日俄罗斯等媒体报道，俄罗斯军方本周三承认，在对于乌克兰的特别军事行动中有现役义务兵参与。今日俄罗斯报道截图俄罗斯国防部发言人伊戈尔·科纳申科夫表示:“不幸的是，我们已经发现了一些事实，表明俄罗斯武装部队中有现役义务兵参加本次对乌克兰进行的‘特别行动’。”俄国防部发言人发表视频讲话证实有义务兵参与行动俄罗斯国防部脸书发布消息证实有义务兵参与行动报道称，科纳申科夫说，几乎所有被征召的义务兵都已经从乌克兰撤出，并补充说，军方目前正在调查他们最初是如何参与行动的，以确保此类事件不会再次发生。他还承认，被征召的士兵在冲突中遭受了伤亡，其中一些军人被乌克兰军队俘虏。当地时间2022年3月2日，俄罗斯别尔哥罗德地区，俄罗斯军人在俄乌边境行进“乌方一个破坏小组袭击了执行后勤支援任务的一个部队”，科纳申科夫表示，“包括应征入伍者在内的一些军人被抓获”，但他没有提供任何具体数字。据了解，普京于3月8日明确表示俄罗斯现役义务兵现在没有、未来也不会参加在乌克兰的特别军事行动，俄罗斯也不会从预备役中补充征召人员。据此前报道，普京和俄国防部曾多次表示没有义务兵参与本次军事行动，俄国防部还明确表示过只有合同制志愿兵参加此次行动。据塔斯社消息，普京在收到有关报告后表示，必须惩罚相关人员，不能让义务兵参与对乌行动。塔斯社报道截图普京要求将相关材料发送到首席军事检察官办公室，以对这些行动进行法律评估。塔斯社援引克宫新闻秘书消息，普京指示俄罗斯总统新闻秘书德米特里·谢尔盖耶维奇·佩斯科夫负责对未能遵守这一指示的官员进行处罚。“参与乌克兰境内特别行动的武装部队中确实存在义务兵，现在应总统普京的指示，已要求首席军事检察官调查核实该情况，并惩罚那些不遵守命令并负有责任的官员”佩斯科夫表示。据了解，普京于2019年宣布俄罗斯强制服兵役将逐步退出历史舞台，打造一支完全由签合同的职业军人组成的职业化军队。并且按照俄罗斯目前的法律，一般来说，俄军服兵役的义务兵的任务是保卫国家，没有出国作战的义务。免责声明：本文来自腾讯新闻客户端创作者，不代表腾讯网的观点和立场。',
 'followNum': '',
 'fromWhere': '',
 'img_url': ['//inews.gtimg.com/newsapp_bt/0/14611533422/1000',
             '//inews.gtimg.com/newsapp_bt/0/14611533423/1000',
             '//inews.gtimg.com/newsapp_bt/0/14611533424/1000',
             '//inews.gtimg.com/newsapp_bt/0/14611533425/1000',
             '//inews.gtimg.com/newsapp_bt/0/14611533426/1000'],
 'pubTime': '2022/03/10 16:26',
 'readNum': '',
 'regTime': '',
 'retweetNum': '',
 'source': '腾讯军事',
 'timestamp': '20220310172404',
 'title': '俄国防部证实：有义务兵前往乌克兰参与军事行动，并有人被俘',
 'url': 'https://new.qq.com/omn/20220310/20220310A069WP00.html'}
Traceback (most recent call last):
  File "D:\Python\Crawler_hyx\venv\lib\site-packages\twisted\internet\defer.py", line 857, in _runCallbacks
    current.result = callback(  # type: ignore[misc]
  File "D:\Python\Crawler_hyx\venv\lib\site-packages\scrapy\utils\defer.py", line 150, in f
    return deferred_from_coro(coro_f(*coro_args, **coro_kwargs))
  File "D:\Python\Crawler_hyx\venv\lib\site-packages\scrapy\pipelines\media.py", line 88, in process_item
    dlist = [self._process_request(r, info, item) for r in requests]
  File "D:\Python\Crawler_hyx\venv\lib\site-packages\scrapy\pipelines\media.py", line 88, in <listcomp>
    dlist = [self._process_request(r, info, item) for r in requests]
  File "D:\Python\Crawler_hyx\Crawl_hyx\Crawl_hyx\pipelines.py", line 165, in get_media_requests
    yield scrapy.Request(url)
  File "D:\Python\Crawler_hyx\venv\lib\site-packages\scrapy\http\request\__init__.py", line 25, in __init__
    self._set_url(url)
  File "D:\Python\Crawler_hyx\venv\lib\site-packages\scrapy\http\request\__init__.py", line 73, in _set_url
    raise ValueError(f'Missing scheme in request url: {self._url}')
ValueError: Missing scheme in request url: //inews.gtimg.com/newsapp_bt/0/14611533422/1000
2022-03-10 17:24:07 [selenium.webdriver.remote.remote_connection] DEBUG: POST http://localhost:60995/session/94295ad70cb9cd7a02416c89dcd982a0/url {"url": "https://new.qq.com/omn/20220310/20220310A05ZYS00.html"}
2022-03-10 17:24:08 [urllib3.connectionpool] DEBUG: http://localhost:60995 "POST /session/94295ad70cb9cd7a02416c89dcd982a0/url HTTP/1.1" 200 14
2022-03-10 17:24:08 [selenium.webdriver.remote.remote_connection] DEBUG: Finished Request
2022-03-10 17:24:08 [selenium.webdriver.remote.remote_connection] DEBUG: POST http://localhost:60995/session/94295ad70cb9cd7a02416c89dcd982a0/timeouts {"implicit": 10000}
2022-03-10 17:24:08 [urllib3.connectionpool] DEBUG: http://localhost:60995 "POST /session/94295ad70cb9cd7a02416c89dcd982a0/timeouts HTTP/1.1" 200 14
2022-03-10 17:24:08 [selenium.webdriver.remote.remote_connection] DEBUG: Finished Request
2022-03-10 17:24:08 [urllib3.connectionpool] DEBUG: Starting new HTTPS connection (1): inews.gtimg.com:443
2022-03-10 17:24:08 [urllib3.connectionpool] DEBUG: https://inews.gtimg.com:443 "GET /newsapp_bt/0/14611410156/1000 HTTP/1.1" 200 239116
2022-03-10 17:24:08 [urllib3.connectionpool] DEBUG: Starting new HTTPS connection (1): inews.gtimg.com:443
2022-03-10 17:24:08 [urllib3.connectionpool] DEBUG: https://inews.gtimg.com:443 "GET /newsapp_bt/0/14611410158/1000 HTTP/1.1" 200 221681
2022-03-10 17:24:08 [urllib3.connectionpool] DEBUG: Starting new HTTPS connection (1): inews.gtimg.com:443
2022-03-10 17:24:09 [urllib3.connectionpool] DEBUG: https://inews.gtimg.com:443 "GET /newsapp_bt/0/14611410161/1000 HTTP/1.1" 200 234913
2022-03-10 17:24:09 [urllib3.connectionpool] DEBUG: Starting new HTTPS connection (1): inews.gtimg.com:443
2022-03-10 17:24:09 [urllib3.connectionpool] DEBUG: https://inews.gtimg.com:443 "GET /newsapp_bt/0/14611410151/1000 HTTP/1.1" 200 112071
2022-03-10 17:24:09 [scrapy.core.scraper] ERROR: Error processing {'author': None,
 'content': "来源：学习军团·中国军号“祖国和人民把我们放在心头”——来自南疆军区高原边防一线官兵的感受2022，春风吹拂喀喇昆仑自动播放暂停下一个打开循环播放000:02/00:56480P480P标清270P流畅倍速0.5X1.0X1.25X1.5X2.0X画中画网页全屏全屏你可以刷新试试视频信息1.4.53⬆VIDf3327sxa4p3播放模式m3u8/hls.js分辨率-平台号-视频尺寸864x486播放流水b19fa681e08404462b92bf19e8e8e5d7GUID-帧数0/58;0.00%播放时间2.07565缓冲范围[0.105,49.407999]播放状态canplay,playing,seeking,seeked,playing编码H264加密类型NONE自动播放-缓冲次数-重试次数-渐进式加载-CORE版本1.4.53[2022-03-1004:01:41]进入广告广告被拦截插件误伤啦，1秒后播放关闭拦截插件恢复正常暂不支持打开，请用微信扫码浏览微信扫一扫查看更多精彩微信扫码查看更多无法关闭广告……继续争取广告权益……我知道了!意见反馈视频加载失败，请点击重试点击重试扫码了解详情扫码了解详情广告视频加载失败，请点击重试点击重试广告按住画面移动小窗Xwindow.DATA.videoArr.push({'title':'2022，春风吹拂喀喇昆仑','vid':'f3327sxa4p3','img':'http://puui.qpic.cn/vpic/0/f3327sxa4p3.png/0','desc':'2022，春风吹拂喀喇昆仑'})新疆军区某部官兵向高原哨所运输物资。曾令俊摄巡逻点位吃上火锅巡逻点位上，一顿“火锅宴”成了郑诤言19岁生日难忘的记忆。驻守高原2年，这位来自重庆达州的战士，最大愿望就是在高原上能吃顿家乡火锅。郑诤言没想到，19岁生日这天，愿望竟然实现了。雪峰之下，郑诤言和战友们围坐在一起。铁锅中红油翻滚，升腾起的水蒸气夹杂着火锅底料的香气……生日歌响起的时候，郑诤言差一点哭了。巡逻点位上的这顿火锅，折射着新时代边防部队高原保障能力的跃升。以前，受限于各种条件，在海拔4000多米的巡逻点位上，官兵的饮食基本以煮方便面、野战快餐和压缩饼干为主。“野战饮食除了要吃得暖、吃得快，官兵更期待改进口感、提升质量。”南疆军区保障部领导说，基层期盼就是他们努力的方向。近年来，军委有关部门组织力量研发多种适合边防任务需要和野外训练环境的“饮食快餐”，热食保障品种也更加丰富。在上级保障部门的有力指导下，南疆军区不断拓展野战饮食新品种，将优质罐头纳入高原主副食品采购目录。基层各级炊事班尝试研究“能量食品包”，牦牛肉、巧克力、干果……他们精确计算能量数据，放入携行包中，官兵在任务途中就能快速补充能量。连队官兵说：“从冷到暖，从无到有，巡逻途中‘盘中餐’越来越丰富。”“蔬菜工厂”开启高原“鲜时代”海拔5380米，神仙湾哨所官兵在新式保温棚内品尝新鲜果蔬。刘晓东、黄飞皓摄餐桌上，电锅冒着热气，香料的味道弥散开来。这是南疆军区某边防连新年举行的第一场火锅宴。“去年考核成绩不错，连长特意犒劳大家。”二级上士王志文一边将手中食材挨个倒入电锅，一边和战友们分享着每道食材的来源。最受大家欢迎的食材，是连队新建保温棚采摘来的青菜。鲜菜供应曾是高原保障难题。大雪封山道路不通，运输过程中蔬菜冰冻不易储存。依托连队自身条件种植蔬菜，一直是近年来上级关心关注的重点。近年来，军委有关部门经过调研，将现代农业技术引入高原蔬菜大棚建设。在上级指导帮带下，南疆军区在驻海拔3000米以上连队重点建设了“蔬菜工厂”。“蔬菜工厂”充实完善了高原鲜菜供应链条，开启了高原蔬菜供给“鲜时代”。如今在这些边防连队，官兵每天都能吃上自己种植的蔬菜。某边防连种植员周兵兵说：“我们同时培育了数十种蔬菜，每天能收获10多公斤鲜菜。”“温暖铠甲”助力执勤巡逻早春，新疆军区波林边防连官兵踏雪巡逻。又一个巡逻日，南疆军区某团一级上士姬文志裹上大衣，顺手打开了身上电加热背心的开关。“过去巡逻只能穿棉衣，里三层外三层裹严实；秋衣湿了又干、干了又湿，回宿舍怕着凉也不敢脱。”忆及当年巡逻情景，姬文志感慨不已。近年来，军委有关部门多次到边防一线调研，组织军地科研单位设计研发新型野战被装、野战装具。去年刚入冬，南疆军区为一线官兵增配了一批新型保暖装具。其中，电加热靴和电加热背心，成了姬文志和战友们的最爱。不久前，为了优化这批装具的穿戴效能，负责连队新被装试穿效果的司务长刘刚，忙得不可开交。这位被装保管员负责将战友的试穿情况统一汇总，并反馈给研发单位。新一代被装的研发理念，逐渐对标边防任务，适应官兵执勤需求。南疆军区保障部相关负责人介绍，为了兼顾保暖和训练效果，他们根据高原环境特点，联合地方厂家研发了一系列防寒保暖、轻便舒适的野战被装。“新型巡逻装具就像一身‘温暖铠甲’，时刻给我们温暖和力量。”姬文志说。氧气保障迈上新台阶在天文点边防连，卫生员赵敬波还兼任一个新岗位——氧气保障员。每天，赵敬波必须精心计算氧气储存量，及时调整补充氧气。“连队氧气需求量很大，官兵巡逻归来、洗澡后、训练结束都要吸氧。”赵敬波说，确保官兵及时吸氧就是保障战斗力，自己的任务很光荣。为方便高原一线连队用氧，南疆军区多年前就开始建设制氧站。但边防连队大多驻地偏远，运氧之路漫长而艰险。每年入冬，氧气运输困难重重。这些年，上级先后为他们采购配发了多种新型供氧设备器材，氧气保障链更加完善。南疆军区保障部一位助理员告诉记者，在海拔3000米以上连队，氧气可以直达官兵床头。放眼喀喇昆仑哨所，氧气保障正在迈上新台阶。“从最初的氧气罐保障，到新型吸氧设备配发，再到新型微压氧舱建设，高原用氧模式更科学更人性化。”在天文点边防连连长周常生看来，氧气保障大大减少了高原反应对官兵身体的损伤。走在边关巡逻路上当春风唤醒大地，喀喇昆仑高原依然漫天飞雪。风雪中，南疆军区某团一级上士秦振旗停下脚步，掏出便携式氧气瓶深吸了几口，呼吸一下子顺畅了许多。西北向西，万山之祖。这里常年积雪，寒风彻骨。16年前，秦振旗来到这里时，高寒缺氧、物资短缺，官兵时刻挑战着生命极限。16年过去，脚下的这条巡逻路，秦振旗不知走了多少趟。他和战友们体外感知到的自然温度，似乎从来未变。让他们内心感觉越来越暖的变化，是这些年越来越完善的高原后勤保障——他们吃得更有营养，穿得更轻便，呼吸更加顺畅，巡逻戍边也更有力量。今天，在雪域高原，保温方舱让官兵野外驻训不惧风雪；高科技的蔬菜工厂让鲜菜供应不再难；新式羽绒被装告别了“里三层外三层保暖”的历史，既防寒又轻便；氧气保障也更科学更人性化，边防连队不仅配发了新型吸氧设备，还有新型微压氧舱……新时代，雪域高原千里边防线上正在发生前所未有的变化。这一变化背后，是部队各级贯彻落实习主席重要指示，回应官兵关切，对接战斗力建设，持之以恒的努力和付出。开通家属探亲专车，搭建子女入学绿色通道，完善官兵医疗条件……一个个温暖举措，汇聚成了高原官兵心中的暖阳，温暖了许许多多和秦振旗一样的边防战友。走在边关巡逻路上，看着眼前的壮丽景色，细数着那些成真的梦想，秦振旗内心滚烫而豪迈：“这是我们要用生命守护的地方，祖国和人民把我们放在了心头，我们更要把祖国和人民装进心中。”备战有支撑生活有保障应急能托底——军委后勤保障部军需能源局有关负责人答记者问近年来，中央军委机关有关部门心系边防，情系高原，创新探索解决了大批高原边防官兵遇到的实际保障难题，有效发挥后勤服务部队、服务官兵、服务战斗力职能作用。日前，中央军委后勤保障部军需能源局有关部门负责人向记者介绍了相关情况。记者：请介绍一下军地携手解决远离大电网的边防连队哨所用电难题的相关情况。负责人：为彻底解决远离大电网的边防连队哨所用电难题，2016年底，中央军委后勤保障部会同国家能源局联合启动了边防部队电网建设，将部队电网建设融入国家能源建设“大盘子”，实施国家能源普遍服务的惠军工程、固边工程。两部门成立边防部队电网建设军地协调小组，军委后勤保障部军需能源局与国家电网、南方电网签署战略合作协议，建立完善军地协调机制，制定军地联席会商、情况通报、督导检查等制度，形成国家政策支持、军队提出需求、企业组织实施、部队协作配合的建设模式，创新了军地联动、自上而下、统筹规划、统一实施的组织方式，蹚出了依托能源企业和科研院校开展力量培训、技术攻关、维护管理的联合保障路子。经军地携手奋战，全军500多个边防连队哨所连通大电网，全天候全时段安全稳定的电力供应得到保障。目前，边防部队已形成大电网为支撑、新能源为骨干、柴油机发电为备用的能源保障格局，占用兵力和油料补给频率显著下降，减轻了后勤保障负担，节省的油料更多用到武器装备保障和战备执勤上，能源保障质量效能显著提升。记者：我军新型野战食品研发运用取得阶段性成果，请介绍一下情况。负责人：近年来，中央军委后勤保障部有关部门针对现代作战进程加快、部队行动灵活多变、战场饮食保障制约因素多、可利用时间短、时效性要求强等特点，对新型野战食品进行了体系重塑，研制了单兵与集体相配套、通用与专用相结合、前方与后方相衔接的新型野战食品系列，更好地满足各种环境、各类任务野战饮食保障需要。有关部门还专门针对寒区和高原环境研发了抗疲劳、抗缺氧、补电解质等功能性食材。单兵战斗口粮选取青稞、泡腾片等耐高寒食品，可有效提升官兵极度恶劣环境下应激反应能力和耐饥饿能力。自热食品可在海拔3000米以上、气温-30℃以上条件下有效自热，较好地实现了高原高寒地区食品热得快、官兵吃得下、能量补得足。去年以来，陆续在高原部队试吃试用和现场测试，耐寒、抗疲劳功效明显，受到广大官兵好评。记者:近年来，经过努力，高原边防部队吃新鲜肉菜难题得到有效缓解，请介绍一下相关情况。负责人：针对驻训部队驻守高原高寒地域，新鲜肉菜就地筹措难、前送补给难、储藏保鲜难等实际，中央军委后勤保障部军需能源局会同有关部门，采取军供站代储、后方仓库集储等方式，增配野战给养器材，确保高原驻训部队保障及时有力。军委后勤保障部军需能源局指导新疆军区保障部有关部门，建立副食品筹供中心，推行“联勤保障、区域统筹”，与大型企业建立稳定供应渠道，统一筹措新鲜优质副食品，不断提升融合保供方式，招标引入大型物流企业，依托其先进食品冷链技术，采取定点、定人、定车的方式，全天候、全地域、全时段组织上送，确保官兵每周都能吃上新鲜牛羊肉、鱼虾、禽蛋、果蔬。在搞好上送的同时，发挥部队自身潜力，按照“整体建、科学储”的要求，积极内部挖潜，盘活利用好温室大棚，宜种则种、能养尽养，做到储菜于棚、储菜于圈。向科学要保障力，提升科技保鲜手段，引入光电技术、无土栽培技术，为驻训部队新建蔬菜工厂，新鲜叶菜自给率大幅提高，引入蓄热储能、蓄能制冷技术，开展组合式、移动式野战菜窖试点，探索野战条件下新鲜蔬菜储供方法路子。此外，新疆军区有关部门还统筹驻训部队备战保障急需和部署点位、道路交通、社会依托等战场环境，不断探索采取“以储代供”模式，常态战备储备新鲜副食、周转预置新鲜副食，确保备战有支撑、生活有保障、应急能托底。（学习军团·中国军号出品）免责声明：本文来自腾讯新闻客户端创作者，不代表腾讯网的观点和立场。",
 'followNum': '',
 'fromWhere': '',
 'img_url': ['//inews.gtimg.com/newsapp_bt/0/14611410156/1000',
             '//inews.gtimg.com/newsapp_bt/0/14611410158/1000',
             '//inews.gtimg.com/newsapp_bt/0/14611410161/1000',
             '//inews.gtimg.com/newsapp_bt/0/14611410151/1000'],
 'pubTime': '2022/03/10 15:24',
 'readNum': '',
 'regTime': '',
 'retweetNum': '',
 'source': '腾讯军事',
 'timestamp': '20220310172408',
 'title': '2022，春风吹拂喀喇昆仑',
 'url': 'https://new.qq.com/omn/20220310/20220310A05ZYS00.html'}
Traceback (most recent call last):
  File "D:\Python\Crawler_hyx\venv\lib\site-packages\twisted\internet\defer.py", line 857, in _runCallbacks
    current.result = callback(  # type: ignore[misc]
  File "D:\Python\Crawler_hyx\venv\lib\site-packages\scrapy\utils\defer.py", line 150, in f
    return deferred_from_coro(coro_f(*coro_args, **coro_kwargs))
  File "D:\Python\Crawler_hyx\venv\lib\site-packages\scrapy\pipelines\media.py", line 88, in process_item
    dlist = [self._process_request(r, info, item) for r in requests]
  File "D:\Python\Crawler_hyx\venv\lib\site-packages\scrapy\pipelines\media.py", line 88, in <listcomp>
    dlist = [self._process_request(r, info, item) for r in requests]
  File "D:\Python\Crawler_hyx\Crawl_hyx\Crawl_hyx\pipelines.py", line 165, in get_media_requests
    yield scrapy.Request(url)
  File "D:\Python\Crawler_hyx\venv\lib\site-packages\scrapy\http\request\__init__.py", line 25, in __init__
    self._set_url(url)
  File "D:\Python\Crawler_hyx\venv\lib\site-packages\scrapy\http\request\__init__.py", line 73, in _set_url
    raise ValueError(f'Missing scheme in request url: {self._url}')
ValueError: Missing scheme in request url: //inews.gtimg.com/newsapp_bt/0/14611410156/1000
2022-03-10 17:24:09 [selenium.webdriver.remote.remote_connection] DEBUG: POST http://localhost:60995/session/94295ad70cb9cd7a02416c89dcd982a0/url {"url": "https://new.qq.com/omn/20220310/20220310A060EC00.html"}
2022-03-10 17:24:10 [urllib3.connectionpool] DEBUG: http://localhost:60995 "POST /session/94295ad70cb9cd7a02416c89dcd982a0/url HTTP/1.1" 200 14
2022-03-10 17:24:10 [selenium.webdriver.remote.remote_connection] DEBUG: Finished Request
2022-03-10 17:24:10 [selenium.webdriver.remote.remote_connection] DEBUG: POST http://localhost:60995/session/94295ad70cb9cd7a02416c89dcd982a0/timeouts {"implicit": 10000}
2022-03-10 17:24:10 [urllib3.connectionpool] DEBUG: http://localhost:60995 "POST /session/94295ad70cb9cd7a02416c89dcd982a0/timeouts HTTP/1.1" 200 14
2022-03-10 17:24:10 [selenium.webdriver.remote.remote_connection] DEBUG: Finished Request
2022-03-10 17:24:10 [urllib3.connectionpool] DEBUG: Starting new HTTPS connection (1): inews.gtimg.com:443
2022-03-10 17:24:10 [urllib3.connectionpool] DEBUG: https://inews.gtimg.com:443 "GET /newsapp_bt/0/14611445402/1000 HTTP/1.1" 200 86753
2022-03-10 17:24:10 [scrapy.core.scraper] ERROR: Error processing {'author': '解放军新闻传播中心融媒体',
 'content': '免责声明：本文来自腾讯新闻客户端创作者，不代表腾讯网的观点和立场。',
 'followNum': '',
 'fromWhere': '',
 'img_url': ['//inews.gtimg.com/newsapp_bt/0/14611445402/1000'],
 'pubTime': '2022/03/10 15:25',
 'readNum': '',
 'regTime': '',
 'retweetNum': '',
 'source': '腾讯军事',
 'timestamp': '20220310172410',
 'title': '中国国防费保持适度稳定增长，是人心所向、大势所趋。',
 'url': 'https://new.qq.com/omn/20220310/20220310A060EC00.html'}
Traceback (most recent call last):
  File "D:\Python\Crawler_hyx\venv\lib\site-packages\twisted\internet\defer.py", line 857, in _runCallbacks
    current.result = callback(  # type: ignore[misc]
  File "D:\Python\Crawler_hyx\venv\lib\site-packages\scrapy\utils\defer.py", line 150, in f
    return deferred_from_coro(coro_f(*coro_args, **coro_kwargs))
  File "D:\Python\Crawler_hyx\venv\lib\site-packages\scrapy\pipelines\media.py", line 88, in process_item
    dlist = [self._process_request(r, info, item) for r in requests]
  File "D:\Python\Crawler_hyx\venv\lib\site-packages\scrapy\pipelines\media.py", line 88, in <listcomp>
    dlist = [self._process_request(r, info, item) for r in requests]
  File "D:\Python\Crawler_hyx\Crawl_hyx\Crawl_hyx\pipelines.py", line 165, in get_media_requests
    yield scrapy.Request(url)
  File "D:\Python\Crawler_hyx\venv\lib\site-packages\scrapy\http\request\__init__.py", line 25, in __init__
    self._set_url(url)
  File "D:\Python\Crawler_hyx\venv\lib\site-packages\scrapy\http\request\__init__.py", line 73, in _set_url
    raise ValueError(f'Missing scheme in request url: {self._url}')
ValueError: Missing scheme in request url: //inews.gtimg.com/newsapp_bt/0/14611445402/1000
2022-03-10 17:24:10 [selenium.webdriver.remote.remote_connection] DEBUG: POST http://localhost:60995/session/94295ad70cb9cd7a02416c89dcd982a0/url {"url": "https://new.qq.com/omn/20220310/20220310A056XJ00.html"}
2022-03-10 17:24:11 [urllib3.connectionpool] DEBUG: http://localhost:60995 "POST /session/94295ad70cb9cd7a02416c89dcd982a0/url HTTP/1.1" 200 14
2022-03-10 17:24:11 [selenium.webdriver.remote.remote_connection] DEBUG: Finished Request
2022-03-10 17:24:11 [selenium.webdriver.remote.remote_connection] DEBUG: POST http://localhost:60995/session/94295ad70cb9cd7a02416c89dcd982a0/timeouts {"implicit": 10000}
2022-03-10 17:24:11 [urllib3.connectionpool] DEBUG: http://localhost:60995 "POST /session/94295ad70cb9cd7a02416c89dcd982a0/timeouts HTTP/1.1" 200 14
2022-03-10 17:24:11 [selenium.webdriver.remote.remote_connection] DEBUG: Finished Request
2022-03-10 17:24:11 [urllib3.connectionpool] DEBUG: Starting new HTTPS connection (1): inews.gtimg.com:443
2022-03-10 17:24:11 [urllib3.connectionpool] DEBUG: https://inews.gtimg.com:443 "GET /newsapp_bt/0/14611173357/1000 HTTP/1.1" 200 119738
2022-03-10 17:24:11 [urllib3.connectionpool] DEBUG: Starting new HTTPS connection (1): inews.gtimg.com:443
2022-03-10 17:24:11 [urllib3.connectionpool] DEBUG: https://inews.gtimg.com:443 "GET /newsapp_bt/0/14611173358/1000 HTTP/1.1" 200 157212
2022-03-10 17:24:11 [urllib3.connectionpool] DEBUG: Starting new HTTPS connection (1): inews.gtimg.com:443
2022-03-10 17:24:11 [urllib3.connectionpool] DEBUG: https://inews.gtimg.com:443 "GET /newsapp_bt/0/14611173359/1000 HTTP/1.1" 200 453543
2022-03-10 17:24:12 [urllib3.connectionpool] DEBUG: Starting new HTTPS connection (1): inews.gtimg.com:443
2022-03-10 17:24:12 [urllib3.connectionpool] DEBUG: https://inews.gtimg.com:443 "GET /newsapp_bt/0/14611173360/1000 HTTP/1.1" 200 359878
2022-03-10 17:24:12 [urllib3.connectionpool] DEBUG: Starting new HTTPS connection (1): inews.gtimg.com:443
2022-03-10 17:24:12 [urllib3.connectionpool] DEBUG: https://inews.gtimg.com:443 "GET /newsapp_bt/0/14611173361/1000 HTTP/1.1" 200 399005
2022-03-10 17:24:13 [scrapy.core.scraper] ERROR: Error processing {'author': '澎湃新闻',
 'content': '速览-乌驻尼日利亚使馆官员在接受当地媒体采访中曾表示，若尼日利亚人报名志愿军，可能需要支付约1000美元路费。这一数额是他结合个人经历估算得出的。由于乌克兰领空关闭，外国志愿军需要从与乌克兰相邻的申根区国家入境，因此可能需要支付申根签证费用，但志愿军不需要乌克兰签证。-“乌使馆向志愿军索要1000美元”的说法已经得到乌驻尼日利亚使馆的否认，换言之，无切实证据支持米哈伊洛维奇是以官方立场代表乌使馆发表以上言论。事件背景近来，抖音上流传一则短视频，称“尼日利亚人兴冲冲地想帮乌克兰打仗，乌克兰大使馆却连路费都不肯掏”。视频文案写道：尼日利亚人想去乌克兰参战，被要求先交1000美元机票钱和签证费，乌克兰方面还把他们的薪水砍了一半多。“乌使馆称，乌克兰招的不是雇佣兵，希望尼日利亚志愿者们不要把注意力都集中在钱上。”明查在谷歌中搜索关键词“NigerianvolunteersfightforUkraine”，发现相关报道都引用了当地媒体ThePulse网站3月4日发布的一篇名为《俄罗斯人攻入：乌克兰告诉尼日利亚人，付1000美元来为我们战斗》的文章。据这篇报道的说法，“1000美元路费”的说法来自乌克兰驻尼日利亚大使馆二秘伯赫丹·索尔蒂斯（BohdanSoltys）。登录乌驻尼大使馆官网查看员工名单，二秘名为“索尔蒂斯·伯格丹·米哈伊洛维奇”（SoltisBogdanMikhailovich）——虽与报道中人名有细微出入，但大体相似。此外，一位名为“MondayAdikwu”的报名者在采访中说道，乌使馆原承诺为志愿军发放每月7000美元的报酬，后改口为3300美元。3月5日，ThePunch在YouTube放出采访片段。在采访中，米哈伊洛维奇表示，由于乌克兰领空已经关闭，无法直接从尼日利亚乘坐飞机入境乌克兰，志愿军必须通过波兰和匈牙利这两个乌克兰邻国入境，而波、匈两国同属申根区，因此尼日利亚志愿军需要办理申根签证。而被问及为何是“1000美元”这一具体数值时，米哈伊洛维奇说，那是因为上次他回乌克兰时，花了大约这笔数额的路费。“只有志愿军能选择为乌克兰或者其他国家战斗，因为如果乌克兰支付这些人（金钱），他们就会变成雇佣军，而使用雇佣军是违反国际法的。”查看乌克兰驻尼日利亚大使馆的官方脸书账号，可知3月5日，乌使馆曾经发布一条鼓励外国公民加入“志愿军”参战的公告。这条公告提供了具体的报名途径，还承诺：“国际纵队的志愿军将会被提供完全的支持，并且不需要乌克兰签证。”这一细节可以与米哈伊洛维奇在采访中所说的，路费中的一部分用以申请欧盟申根签证相互印证。“澎湃明查”搜索发现，当地时间3月7日，尼日利亚外交部发布推文。尼外交部就尼日利亚公民申请加入乌克兰雇佣军一事向乌使馆求证。乌使馆对“要求尼日利亚志愿军为机票和签证费支付1000美元”一说进行了辟谣。此外，尼日利亚外交部也在声明中表态，“不会容忍在尼招募尼日利亚人作为雇佣兵在乌克兰以及世界任何地方作战”。综上，乌驻尼日利亚使馆官员在接受当地媒体采访中曾说，若尼日利亚人报名参与抗俄志愿军，可能需要支付约1000美元路费。这一数额是他结合个人经历估算得出的。由于乌克兰领空关闭，外国志愿军需要从与乌克兰相邻的申根区国家入境，因此可能需要支付申根签证费用，但志愿军不需要乌克兰签证。此外，“乌使馆向志愿军索要1000美元”的说法已经得到乌驻尼日利亚使馆的否认，换言之，无切实证据支持米哈伊洛维奇是以官方立场代表乌使馆发表以上言论。免责声明：本文来自腾讯新闻客户端创作者，不代表腾讯网的观点和立场。',
 'followNum': '',
 'fromWhere': '',
 'img_url': ['//inews.gtimg.com/newsapp_bt/0/14611173357/1000',
             '//inews.gtimg.com/newsapp_bt/0/14611173358/1000',
             '//inews.gtimg.com/newsapp_bt/0/14611173359/1000',
             '//inews.gtimg.com/newsapp_bt/0/14611173360/1000',
             '//inews.gtimg.com/newsapp_bt/0/14611173361/1000'],
 'pubTime': '2022/03/10 14:11',
 'readNum': '',
 'regTime': '',
 'retweetNum': '',
 'source': '腾讯军事',
 'timestamp': '20220310172411',
 'title': '明查｜乌克兰驻尼使馆向报名志愿军的尼日利亚人索要路费？',
 'url': 'https://new.qq.com/omn/20220310/20220310A056XJ00.html'}
Traceback (most recent call last):
  File "D:\Python\Crawler_hyx\venv\lib\site-packages\twisted\internet\defer.py", line 857, in _runCallbacks
    current.result = callback(  # type: ignore[misc]
  File "D:\Python\Crawler_hyx\venv\lib\site-packages\scrapy\utils\defer.py", line 150, in f
    return deferred_from_coro(coro_f(*coro_args, **coro_kwargs))
  File "D:\Python\Crawler_hyx\venv\lib\site-packages\scrapy\pipelines\media.py", line 88, in process_item
    dlist = [self._process_request(r, info, item) for r in requests]
  File "D:\Python\Crawler_hyx\venv\lib\site-packages\scrapy\pipelines\media.py", line 88, in <listcomp>
    dlist = [self._process_request(r, info, item) for r in requests]
  File "D:\Python\Crawler_hyx\Crawl_hyx\Crawl_hyx\pipelines.py", line 165, in get_media_requests
    yield scrapy.Request(url)
  File "D:\Python\Crawler_hyx\venv\lib\site-packages\scrapy\http\request\__init__.py", line 25, in __init__
    self._set_url(url)
  File "D:\Python\Crawler_hyx\venv\lib\site-packages\scrapy\http\request\__init__.py", line 73, in _set_url
    raise ValueError(f'Missing scheme in request url: {self._url}')
ValueError: Missing scheme in request url: //inews.gtimg.com/newsapp_bt/0/14611173357/1000
2022-03-10 17:24:13 [selenium.webdriver.remote.remote_connection] DEBUG: POST http://localhost:60995/session/94295ad70cb9cd7a02416c89dcd982a0/url {"url": "https://new.qq.com/omn/20220310/20220310A06FVG00.html"}
2022-03-10 17:24:13 [urllib3.connectionpool] DEBUG: http://localhost:60995 "POST /session/94295ad70cb9cd7a02416c89dcd982a0/url HTTP/1.1" 200 14
2022-03-10 17:24:13 [selenium.webdriver.remote.remote_connection] DEBUG: Finished Request
2022-03-10 17:24:15 [selenium.webdriver.remote.remote_connection] DEBUG: GET http://localhost:60995/session/94295ad70cb9cd7a02416c89dcd982a0/source {}
2022-03-10 17:24:15 [urllib3.connectionpool] DEBUG: http://localhost:60995 "GET /session/94295ad70cb9cd7a02416c89dcd982a0/source HTTP/1.1" 200 56095
2022-03-10 17:24:15 [selenium.webdriver.remote.remote_connection] DEBUG: Finished Request
2022-03-10 17:24:15 [scrapy.core.engine] DEBUG: Crawled (200) <GET https://new.qq.com/omn/20220310/20220310A06FVG00.html> (referer: https://new.qq.com/ch/milite/)
2022-03-10 17:24:15 [selenium.webdriver.remote.remote_connection] DEBUG: POST http://localhost:60995/session/94295ad70cb9cd7a02416c89dcd982a0/url {"url": "https://new.qq.com/omn/20220310/20220310A06GFM00.html"}
2022-03-10 17:24:16 [urllib3.connectionpool] DEBUG: http://localhost:60995 "POST /session/94295ad70cb9cd7a02416c89dcd982a0/url HTTP/1.1" 200 14
2022-03-10 17:24:16 [selenium.webdriver.remote.remote_connection] DEBUG: Finished Request
2022-03-10 17:24:18 [selenium.webdriver.remote.remote_connection] DEBUG: GET http://localhost:60995/session/94295ad70cb9cd7a02416c89dcd982a0/source {}
2022-03-10 17:24:18 [urllib3.connectionpool] DEBUG: http://localhost:60995 "GET /session/94295ad70cb9cd7a02416c89dcd982a0/source HTTP/1.1" 200 71852
2022-03-10 17:24:18 [selenium.webdriver.remote.remote_connection] DEBUG: Finished Request
2022-03-10 17:24:18 [scrapy.core.engine] DEBUG: Crawled (200) <GET https://new.qq.com/omn/20220310/20220310A06GFM00.html> (referer: https://new.qq.com/ch/milite/)
2022-03-10 17:24:18 [selenium.webdriver.remote.remote_connection] DEBUG: POST http://localhost:60995/session/94295ad70cb9cd7a02416c89dcd982a0/url {"url": "https://new.qq.com/omn/20220310/20220310A06FSV00.html"}
2022-03-10 17:24:22 [urllib3.connectionpool] DEBUG: http://localhost:60995 "POST /session/94295ad70cb9cd7a02416c89dcd982a0/url HTTP/1.1" 200 14
2022-03-10 17:24:22 [selenium.webdriver.remote.remote_connection] DEBUG: Finished Request
2022-03-10 17:24:24 [selenium.webdriver.remote.remote_connection] DEBUG: GET http://localhost:60995/session/94295ad70cb9cd7a02416c89dcd982a0/source {}
2022-03-10 17:24:24 [urllib3.connectionpool] DEBUG: http://localhost:60995 "GET /session/94295ad70cb9cd7a02416c89dcd982a0/source HTTP/1.1" 200 54435
2022-03-10 17:24:24 [selenium.webdriver.remote.remote_connection] DEBUG: Finished Request
2022-03-10 17:24:24 [scrapy.core.engine] DEBUG: Crawled (200) <GET https://new.qq.com/omn/20220310/20220310A06FSV00.html> (referer: https://new.qq.com/ch/milite/)
2022-03-10 17:24:24 [selenium.webdriver.remote.remote_connection] DEBUG: POST http://localhost:60995/session/94295ad70cb9cd7a02416c89dcd982a0/url {"url": "https://new.qq.com/omn/20220310/20220310A06GKA00.html"}
2022-03-10 17:24:25 [urllib3.connectionpool] DEBUG: http://localhost:60995 "POST /session/94295ad70cb9cd7a02416c89dcd982a0/url HTTP/1.1" 200 14
2022-03-10 17:24:25 [selenium.webdriver.remote.remote_connection] DEBUG: Finished Request
2022-03-10 17:24:27 [selenium.webdriver.remote.remote_connection] DEBUG: GET http://localhost:60995/session/94295ad70cb9cd7a02416c89dcd982a0/source {}
2022-03-10 17:24:27 [urllib3.connectionpool] DEBUG: http://localhost:60995 "GET /session/94295ad70cb9cd7a02416c89dcd982a0/source HTTP/1.1" 200 68137
2022-03-10 17:24:27 [selenium.webdriver.remote.remote_connection] DEBUG: Finished Request
2022-03-10 17:24:27 [scrapy.core.engine] DEBUG: Crawled (200) <GET https://new.qq.com/omn/20220310/20220310A06GKA00.html> (referer: https://new.qq.com/ch/milite/)
2022-03-10 17:24:27 [selenium.webdriver.remote.remote_connection] DEBUG: POST http://localhost:60995/session/94295ad70cb9cd7a02416c89dcd982a0/url {"url": "https://new.qq.com/omn/20220310/20220310A06HOH00.html"}
2022-03-10 17:24:28 [urllib3.connectionpool] DEBUG: http://localhost:60995 "POST /session/94295ad70cb9cd7a02416c89dcd982a0/url HTTP/1.1" 200 14
2022-03-10 17:24:28 [selenium.webdriver.remote.remote_connection] DEBUG: Finished Request
2022-03-10 17:24:30 [selenium.webdriver.remote.remote_connection] DEBUG: GET http://localhost:60995/session/94295ad70cb9cd7a02416c89dcd982a0/source {}
2022-03-10 17:24:30 [urllib3.connectionpool] DEBUG: http://localhost:60995 "GET /session/94295ad70cb9cd7a02416c89dcd982a0/source HTTP/1.1" 200 50585
2022-03-10 17:24:30 [selenium.webdriver.remote.remote_connection] DEBUG: Finished Request
2022-03-10 17:24:30 [scrapy.core.engine] DEBUG: Crawled (200) <GET https://new.qq.com/omn/20220310/20220310A06HOH00.html> (referer: https://new.qq.com/ch/milite/)
2022-03-10 17:24:30 [selenium.webdriver.remote.remote_connection] DEBUG: POST http://localhost:60995/session/94295ad70cb9cd7a02416c89dcd982a0/url {"url": "https://new.qq.com/omn/20220310/20220310A06TWK00.html"}
2022-03-10 17:24:31 [urllib3.connectionpool] DEBUG: http://localhost:60995 "POST /session/94295ad70cb9cd7a02416c89dcd982a0/url HTTP/1.1" 200 14
2022-03-10 17:24:31 [selenium.webdriver.remote.remote_connection] DEBUG: Finished Request
2022-03-10 17:24:33 [selenium.webdriver.remote.remote_connection] DEBUG: GET http://localhost:60995/session/94295ad70cb9cd7a02416c89dcd982a0/source {}
2022-03-10 17:24:33 [urllib3.connectionpool] DEBUG: http://localhost:60995 "GET /session/94295ad70cb9cd7a02416c89dcd982a0/source HTTP/1.1" 200 113782
2022-03-10 17:24:33 [selenium.webdriver.remote.remote_connection] DEBUG: Finished Request
2022-03-10 17:24:33 [scrapy.core.engine] DEBUG: Crawled (200) <GET https://new.qq.com/omn/20220310/20220310A06TWK00.html> (referer: https://new.qq.com/ch/milite/)
2022-03-10 17:24:33 [scrapy.extensions.logstats] INFO: Crawled 17 pages (at 17 pages/min), scraped 0 items (at 0 items/min)
2022-03-10 17:24:33 [selenium.webdriver.remote.remote_connection] DEBUG: POST http://localhost:60995/session/94295ad70cb9cd7a02416c89dcd982a0/url {"url": "https://new.qq.com/omn/20220310/20220310A050U800.html"}
2022-03-10 17:24:34 [urllib3.connectionpool] DEBUG: http://localhost:60995 "POST /session/94295ad70cb9cd7a02416c89dcd982a0/url HTTP/1.1" 200 14
2022-03-10 17:24:34 [selenium.webdriver.remote.remote_connection] DEBUG: Finished Request
2022-03-10 17:24:34 [selenium.webdriver.remote.remote_connection] DEBUG: POST http://localhost:60995/session/94295ad70cb9cd7a02416c89dcd982a0/timeouts {"implicit": 10000}
2022-03-10 17:24:34 [urllib3.connectionpool] DEBUG: http://localhost:60995 "POST /session/94295ad70cb9cd7a02416c89dcd982a0/timeouts HTTP/1.1" 200 14
2022-03-10 17:24:34 [selenium.webdriver.remote.remote_connection] DEBUG: Finished Request
2022-03-10 17:24:34 [urllib3.connectionpool] DEBUG: Starting new HTTPS connection (1): inews.gtimg.com:443
2022-03-10 17:24:34 [urllib3.connectionpool] DEBUG: https://inews.gtimg.com:443 "GET /newsapp_bt/0/14611122013/1000 HTTP/1.1" 200 479879
2022-03-10 17:24:34 [scrapy.core.scraper] ERROR: Error processing {'author': '环球时报国际',
 'content': '据《乌克兰真理报》8日报道，乌克兰国防部发布声明称：“格鲁吉亚前国防部长伊拉克里·欧克鲁亚希维利（IraklyOkruashvili）已与格鲁吉亚志愿者一起抵达乌克兰，帮助我们抗击俄罗斯。”报道截图报道称，乌克兰政府已经为海外人士成立了一个“国际战队”，泽连斯基公开呼吁外国人“与乌克兰人并肩作战”，以表示对乌克兰的支持。上周，泽连斯基说，已有超过1.6万名外国人自愿报名参加了这个“乌克兰领土防卫国际战队”，但他没有具体说明有多少人抵达。路透社报道称，一些抵达乌克兰的外国武装分子表示，他们被这一“事业”所吸引。其中一些人都是伊拉克和阿富汗战场的西方国家老兵，俄乌冲突也为他们提供了一个机会。曾经在美军服役的MichaelFerkol在报名后告诉路透社：“我告诉他们我想去医治伤员。那里还有一个芬兰人，他说的是‘我只是想去杀死俄国人’。”在采访了20名报名的外国人之后，路透社指出，除了部分经历过战场的退伍军人，其他人在抵达时几乎没有或根本没有战斗经验，面对俄军的攻势，他们为战场提供的价值有限。（编辑：WDQ）免责声明：本文来自腾讯新闻客户端创作者，不代表腾讯网的观点和立场。',
 'followNum': '',
 'fromWhere': '',
 'img_url': ['//inews.gtimg.com/newsapp_bt/0/14611122013/1000'],
 'pubTime': '2022/03/10 13:54',
 'readNum': '',
 'regTime': '',
 'retweetNum': '',
 'source': '腾讯军事',
 'timestamp': '20220310172434',
 'title': '乌国防部：格鲁吉亚前国防部长已抵达乌克兰参战',
 'url': 'https://new.qq.com/omn/20220310/20220310A050U800.html'}
Traceback (most recent call last):
  File "D:\Python\Crawler_hyx\venv\lib\site-packages\twisted\internet\defer.py", line 857, in _runCallbacks
    current.result = callback(  # type: ignore[misc]
  File "D:\Python\Crawler_hyx\venv\lib\site-packages\scrapy\utils\defer.py", line 150, in f
    return deferred_from_coro(coro_f(*coro_args, **coro_kwargs))
  File "D:\Python\Crawler_hyx\venv\lib\site-packages\scrapy\pipelines\media.py", line 88, in process_item
    dlist = [self._process_request(r, info, item) for r in requests]
  File "D:\Python\Crawler_hyx\venv\lib\site-packages\scrapy\pipelines\media.py", line 88, in <listcomp>
    dlist = [self._process_request(r, info, item) for r in requests]
  File "D:\Python\Crawler_hyx\Crawl_hyx\Crawl_hyx\pipelines.py", line 165, in get_media_requests
    yield scrapy.Request(url)
  File "D:\Python\Crawler_hyx\venv\lib\site-packages\scrapy\http\request\__init__.py", line 25, in __init__
    self._set_url(url)
  File "D:\Python\Crawler_hyx\venv\lib\site-packages\scrapy\http\request\__init__.py", line 73, in _set_url
    raise ValueError(f'Missing scheme in request url: {self._url}')
ValueError: Missing scheme in request url: //inews.gtimg.com/newsapp_bt/0/14611122013/1000
2022-03-10 17:24:34 [selenium.webdriver.remote.remote_connection] DEBUG: POST http://localhost:60995/session/94295ad70cb9cd7a02416c89dcd982a0/url {"url": "https://new.qq.com/omn/20220310/20220310A06FVG00.html"}
2022-03-10 17:24:35 [urllib3.connectionpool] DEBUG: http://localhost:60995 "POST /session/94295ad70cb9cd7a02416c89dcd982a0/url HTTP/1.1" 200 14
2022-03-10 17:24:35 [selenium.webdriver.remote.remote_connection] DEBUG: Finished Request
2022-03-10 17:24:35 [selenium.webdriver.remote.remote_connection] DEBUG: POST http://localhost:60995/session/94295ad70cb9cd7a02416c89dcd982a0/timeouts {"implicit": 10000}
2022-03-10 17:24:35 [urllib3.connectionpool] DEBUG: http://localhost:60995 "POST /session/94295ad70cb9cd7a02416c89dcd982a0/timeouts HTTP/1.1" 200 14
2022-03-10 17:24:35 [selenium.webdriver.remote.remote_connection] DEBUG: Finished Request
2022-03-10 17:24:35 [urllib3.connectionpool] DEBUG: Starting new HTTPS connection (1): inews.gtimg.com:443
2022-03-10 17:24:35 [urllib3.connectionpool] DEBUG: https://inews.gtimg.com:443 "GET /newsapp_bt/0/14611588009/1000 HTTP/1.1" 200 96474
2022-03-10 17:24:35 [urllib3.connectionpool] DEBUG: Starting new HTTPS connection (1): inews.gtimg.com:443
2022-03-10 17:24:35 [urllib3.connectionpool] DEBUG: https://inews.gtimg.com:443 "GET /newsapp_bt/0/14611588010/1000 HTTP/1.1" 200 88194
2022-03-10 17:24:35 [urllib3.connectionpool] DEBUG: Starting new HTTPS connection (1): inews.gtimg.com:443
2022-03-10 17:24:35 [urllib3.connectionpool] DEBUG: https://inews.gtimg.com:443 "GET /newsapp_bt/0/14611588160/1000 HTTP/1.1" 200 65494
2022-03-10 17:24:35 [urllib3.connectionpool] DEBUG: Starting new HTTPS connection (1): inews.gtimg.com:443
2022-03-10 17:24:36 [urllib3.connectionpool] DEBUG: https://inews.gtimg.com:443 "GET /newsapp_bt/0/14611588161/1000 HTTP/1.1" 200 105913
2022-03-10 17:24:36 [urllib3.connectionpool] DEBUG: Starting new HTTPS connection (1): inews.gtimg.com:443
2022-03-10 17:24:36 [urllib3.connectionpool] DEBUG: https://inews.gtimg.com:443 "GET /newsapp_bt/0/14611588162/1000 HTTP/1.1" 200 87675
2022-03-10 17:24:36 [urllib3.connectionpool] DEBUG: Starting new HTTPS connection (1): inews.gtimg.com:443
2022-03-10 17:24:36 [urllib3.connectionpool] DEBUG: https://inews.gtimg.com:443 "GET /newsapp_bt/0/14611588316/1000 HTTP/1.1" 200 137110
2022-03-10 17:24:36 [scrapy.core.scraper] ERROR: Error processing {'author': '南部战区',
 'content': '作者|张政、丘文淦她，十一年如一日扎根海岛挥洒青春汗水；她，用智慧与担当为群众谋幸福生活；她，以其特有的坚韧与细腻书写新时代芳华。她就是珠海市担杆镇建镇首位女性党委书记、2022年广东省“三八红旗手”——黄静静。薪火相传勇立时代潮头▲担杆镇担杆村第一届议事协商代表成立大会孩童时期的黄静静，便跟随在乡镇基层工作的父亲“走村入户”，切身感受过广大基层干部“筑梦田垄间，奋斗于乡野”的工作常态，“严于律己、踏实做事、平和待人”的优良家风家训也在潜移默化中影响着黄静静。怀揣着梦想的黄静静发奋学习，读完吉林大学本科后又到英国攻读金融类研究生，还曾游历过20多个国家，但她对群众和基层工作真挚的热爱一直有增无减。2004年，深造回国的黄静静毅然决然地放弃名企抛来的橄榄枝，选择将父亲那一辈平凡而光荣的事业传承下去。2011年，黄静静被调任珠海市桂山镇任党委委员，首项工作就是创建广东省卫生镇，为老百姓打造健康卫生的生活环境。在她的推动下，桂山镇先后获得广东省卫生镇、国家卫生镇、国家级生态示范乡镇、广东省文明镇等殊荣。▲垃圾分类工作总结表彰大会2016年，黄静静担任桂山镇党委副书记、镇长，如何改变海岛面貌、带领海岛群众走上乡村振兴的致富道路，成为摆在黄静静面前的重要课题。她将国外的先进理念和当地自然条件、发展基础相结合，创造性地提出“民生为本、政府主导、资本介入”的良性循环体系，政企联动，将环境脏乱差、杂物乱堆放等“老大难”问题一并解决。“她对海岛建设的付出，我们都看在眼里记在心里，十分庆幸有这么一个‘大才女’带领我们一起发家致富。”随着改革的“试水”成功，海岛商户和居民们的钱包逐渐鼓了起来，纷纷称黄静静为致富路上的“引路人”。全心为民谱写时代赞歌▲重温入党誓词“不仅仅是父亲，那些扎根偏远地区为民服务的前辈同样是我们学习的榜样。不要为了完成任务去做表面功夫，只有踏踏实实为老百姓谋福利，老百姓才会真正满意。”黄静静是这么想的，更是这么做的。她多方联系社会资源，引进专业社工机构上岛，全面开展居家养老、青少年教育等方面的社会服务，让海岛的社会治理领域首次有了专业的社工服务，桂山镇社会治理工作领域取得全新突破。2018年6月，桂山居家养老服务站正式揭牌成立，作为珠海万山海岛上的首个居家养老服务站，让海岛老人也能与市区老人一样享受到专业的社会服务。“感谢政府让我们老人家生活有依靠，健康有保障。”揭牌当天，79岁的梁阿婆拉着黄静静的手激动地说。▲实地勘察工程建设情况担杆镇作为珠海离岸最远的海岛，流动人口较多，户籍居民大多迁至香洲区定居。为了让户籍居民和常住居民都能享受到优质的公共服务，她创新提出“党委主导+群众点单+民主决策+多元参与”的治理思路，更是打造“海岛之家、职工之家、三务之家（党务+警务+岛务）”三大社会治理平台，引导居民主动参与社会治理，全方位推动海岛社会治理现代化。此外，黄静静还提出“网格+党建”模式，将党员联系群众的工作网格化，实现“一人一格”，覆盖所有常住居民。每位党员要深入居民家中了解情况，及时传达党的政策与关怀，收集民生问题、意见与建议，以民生微实事项目为着力点，做居民喜闻乐见的实事。巾帼柔情绽放时代芳华▲组织开展专题宣讲活动黄静静把身心投入海岛工作的同时，还在海岛找到了一份真挚的情感。2016年，黄静静与丈夫在海岛结缘，成为了一名军嫂。次年，爱人因工作调动两人开始聚少离多。如今，黄静静有“四个家”：自己长期住在外伶仃岛，19个月大的儿子住在外公外婆家，婆婆一个人住，爱人长期在外地。▲获评广东省“三八红旗手”加强沟通，是黄静静维护家庭和睦的重要方式。每天晚上下班回到宿舍，黄静静便打开手机，与家人视频相聚，为孩子订早教课、预约疫苗接种、为丈夫添置新衣、为婆婆购买面霜钙片……虽然无法陪伴在家人身边，但黄静静一直在用她的方式悉心呵护着这个家。在黄静静看来，广东省“三八红旗手”的荣誉并不属于她个人，一方面是对海岛发展成绩的肯定，另一方面则是对成百上千和她一样扎根基层的女性群体的一种表彰。南部战区权威发布监制：梁启英田军里编审：刘道付姜博西主编：孙炳祥责编：汪尚建版式：侯鲁晋免责声明：本文来自腾讯新闻客户端创作者，不代表腾讯网的观点和立场。',
 'followNum': '',
 'fromWhere': '',
 'img_url': ['//inews.gtimg.com/newsapp_bt/0/14611588009/1000',
             '//inews.gtimg.com/newsapp_bt/0/14611588010/1000',
             '//inews.gtimg.com/newsapp_bt/0/14611588160/1000',
             '//inews.gtimg.com/newsapp_bt/0/14611588161/1000',
             '//inews.gtimg.com/newsapp_bt/0/14611588162/1000',
             '//inews.gtimg.com/newsapp_bt/0/14611588316/1000'],
 'pubTime': '2022/03/10 15:57',
 'readNum': '',
 'regTime': '',
 'retweetNum': '',
 'source': '腾讯军事',
 'timestamp': '20220310172435',
 'title': '军嫂扎根海岛十余载 用青春书写巾帼芳华',
 'url': 'https://new.qq.com/omn/20220310/20220310A06FVG00.html'}
Traceback (most recent call last):
  File "D:\Python\Crawler_hyx\venv\lib\site-packages\twisted\internet\defer.py", line 857, in _runCallbacks
    current.result = callback(  # type: ignore[misc]
  File "D:\Python\Crawler_hyx\venv\lib\site-packages\scrapy\utils\defer.py", line 150, in f
    return deferred_from_coro(coro_f(*coro_args, **coro_kwargs))
  File "D:\Python\Crawler_hyx\venv\lib\site-packages\scrapy\pipelines\media.py", line 88, in process_item
    dlist = [self._process_request(r, info, item) for r in requests]
  File "D:\Python\Crawler_hyx\venv\lib\site-packages\scrapy\pipelines\media.py", line 88, in <listcomp>
    dlist = [self._process_request(r, info, item) for r in requests]
  File "D:\Python\Crawler_hyx\Crawl_hyx\Crawl_hyx\pipelines.py", line 165, in get_media_requests
    yield scrapy.Request(url)
  File "D:\Python\Crawler_hyx\venv\lib\site-packages\scrapy\http\request\__init__.py", line 25, in __init__
    self._set_url(url)
  File "D:\Python\Crawler_hyx\venv\lib\site-packages\scrapy\http\request\__init__.py", line 73, in _set_url
    raise ValueError(f'Missing scheme in request url: {self._url}')
ValueError: Missing scheme in request url: //inews.gtimg.com/newsapp_bt/0/14611588009/1000
2022-03-10 17:24:36 [selenium.webdriver.remote.remote_connection] DEBUG: POST http://localhost:60995/session/94295ad70cb9cd7a02416c89dcd982a0/url {"url": "https://new.qq.com/omn/20220310/20220310A06GFM00.html"}
2022-03-10 17:24:37 [urllib3.connectionpool] DEBUG: http://localhost:60995 "POST /session/94295ad70cb9cd7a02416c89dcd982a0/url HTTP/1.1" 200 14
2022-03-10 17:24:37 [selenium.webdriver.remote.remote_connection] DEBUG: Finished Request
2022-03-10 17:24:37 [selenium.webdriver.remote.remote_connection] DEBUG: POST http://localhost:60995/session/94295ad70cb9cd7a02416c89dcd982a0/timeouts {"implicit": 10000}
2022-03-10 17:24:37 [urllib3.connectionpool] DEBUG: http://localhost:60995 "POST /session/94295ad70cb9cd7a02416c89dcd982a0/timeouts HTTP/1.1" 200 14
2022-03-10 17:24:37 [selenium.webdriver.remote.remote_connection] DEBUG: Finished Request
2022-03-10 17:24:37 [urllib3.connectionpool] DEBUG: Starting new HTTPS connection (1): inews.gtimg.com:443
2022-03-10 17:24:37 [urllib3.connectionpool] DEBUG: https://inews.gtimg.com:443 "GET /newsapp_bt/0/14611592335/1000 HTTP/1.1" 200 116905
2022-03-10 17:24:37 [scrapy.core.scraper] ERROR: Error processing {'author': '环球时报新媒体',
 'content': '俄外交部宣布俄罗斯将不再参加欧洲委员会俄罗斯外交部当地时间10日发声明表示，俄罗斯今后将不再参加欧洲委员会，俄罗斯不打算继续忍受西方以自己的秩序来取代国际法的颠覆性做法。来源：央视新闻免责声明：本文来自腾讯新闻客户端创作者，不代表腾讯网的观点和立场。',
 'followNum': '',
 'fromWhere': '',
 'img_url': ['//inews.gtimg.com/newsapp_bt/0/14611592335/1000'],
 'pubTime': '2022/03/10 16:01',
 'readNum': '',
 'regTime': '',
 'retweetNum': '',
 'source': '腾讯军事',
 'timestamp': '20220310172437',
 'title': '俄罗斯宣布“退群”',
 'url': 'https://new.qq.com/omn/20220310/20220310A06GFM00.html'}
Traceback (most recent call last):
  File "D:\Python\Crawler_hyx\venv\lib\site-packages\twisted\internet\defer.py", line 857, in _runCallbacks
    current.result = callback(  # type: ignore[misc]
  File "D:\Python\Crawler_hyx\venv\lib\site-packages\scrapy\utils\defer.py", line 150, in f
    return deferred_from_coro(coro_f(*coro_args, **coro_kwargs))
  File "D:\Python\Crawler_hyx\venv\lib\site-packages\scrapy\pipelines\media.py", line 88, in process_item
    dlist = [self._process_request(r, info, item) for r in requests]
  File "D:\Python\Crawler_hyx\venv\lib\site-packages\scrapy\pipelines\media.py", line 88, in <listcomp>
    dlist = [self._process_request(r, info, item) for r in requests]
  File "D:\Python\Crawler_hyx\Crawl_hyx\Crawl_hyx\pipelines.py", line 165, in get_media_requests
    yield scrapy.Request(url)
  File "D:\Python\Crawler_hyx\venv\lib\site-packages\scrapy\http\request\__init__.py", line 25, in __init__
    self._set_url(url)
  File "D:\Python\Crawler_hyx\venv\lib\site-packages\scrapy\http\request\__init__.py", line 73, in _set_url
    raise ValueError(f'Missing scheme in request url: {self._url}')
ValueError: Missing scheme in request url: //inews.gtimg.com/newsapp_bt/0/14611592335/1000
2022-03-10 17:24:37 [selenium.webdriver.remote.remote_connection] DEBUG: POST http://localhost:60995/session/94295ad70cb9cd7a02416c89dcd982a0/url {"url": "https://new.qq.com/omn/20220310/20220310A06FSV00.html"}
2022-03-10 17:24:38 [urllib3.connectionpool] DEBUG: http://localhost:60995 "POST /session/94295ad70cb9cd7a02416c89dcd982a0/url HTTP/1.1" 200 14
2022-03-10 17:24:38 [selenium.webdriver.remote.remote_connection] DEBUG: Finished Request
2022-03-10 17:24:38 [selenium.webdriver.remote.remote_connection] DEBUG: POST http://localhost:60995/session/94295ad70cb9cd7a02416c89dcd982a0/timeouts {"implicit": 10000}
2022-03-10 17:24:38 [urllib3.connectionpool] DEBUG: http://localhost:60995 "POST /session/94295ad70cb9cd7a02416c89dcd982a0/timeouts HTTP/1.1" 200 14
2022-03-10 17:24:38 [selenium.webdriver.remote.remote_connection] DEBUG: Finished Request
2022-03-10 17:24:38 [urllib3.connectionpool] DEBUG: Starting new HTTPS connection (1): inews.gtimg.com:443
2022-03-10 17:24:38 [urllib3.connectionpool] DEBUG: https://inews.gtimg.com:443 "GET /newsapp_bt/0/14611587117/1000 HTTP/1.1" 200 61892
2022-03-10 17:24:38 [urllib3.connectionpool] DEBUG: Starting new HTTPS connection (1): inews.gtimg.com:443
2022-03-10 17:24:38 [urllib3.connectionpool] DEBUG: https://inews.gtimg.com:443 "GET /newsapp_bt/0/14611587118/1000 HTTP/1.1" 200 74093
2022-03-10 17:24:39 [urllib3.connectionpool] DEBUG: Starting new HTTPS connection (1): inews.gtimg.com:443
2022-03-10 17:24:39 [urllib3.connectionpool] DEBUG: https://inews.gtimg.com:443 "GET /newsapp_bt/0/14611587253/1000 HTTP/1.1" 200 67848
2022-03-10 17:24:39 [urllib3.connectionpool] DEBUG: Starting new HTTPS connection (1): inews.gtimg.com:443
2022-03-10 17:24:39 [urllib3.connectionpool] DEBUG: https://inews.gtimg.com:443 "GET /newsapp_bt/0/14611587254/1000 HTTP/1.1" 200 57318
2022-03-10 17:24:39 [urllib3.connectionpool] DEBUG: Starting new HTTPS connection (1): inews.gtimg.com:443
2022-03-10 17:24:39 [urllib3.connectionpool] DEBUG: https://inews.gtimg.com:443 "GET /newsapp_bt/0/14611587255/1000 HTTP/1.1" 200 58685
2022-03-10 17:24:39 [urllib3.connectionpool] DEBUG: Starting new HTTPS connection (1): inews.gtimg.com:443
2022-03-10 17:24:39 [urllib3.connectionpool] DEBUG: https://inews.gtimg.com:443 "GET /newsapp_bt/0/14611587407/1000 HTTP/1.1" 200 55326
2022-03-10 17:24:39 [urllib3.connectionpool] DEBUG: Starting new HTTPS connection (1): inews.gtimg.com:443
2022-03-10 17:24:39 [urllib3.connectionpool] DEBUG: https://inews.gtimg.com:443 "GET /newsapp_bt/0/14611587408/1000 HTTP/1.1" 200 46160
2022-03-10 17:24:40 [urllib3.connectionpool] DEBUG: Starting new HTTPS connection (1): inews.gtimg.com:443
2022-03-10 17:24:40 [urllib3.connectionpool] DEBUG: https://inews.gtimg.com:443 "GET /newsapp_bt/0/14611587409/1000 HTTP/1.1" 200 78092
2022-03-10 17:24:40 [urllib3.connectionpool] DEBUG: Starting new HTTPS connection (1): inews.gtimg.com:443
2022-03-10 17:24:40 [urllib3.connectionpool] DEBUG: https://inews.gtimg.com:443 "GET /newsapp_bt/0/14611587556/1000 HTTP/1.1" 200 91062
2022-03-10 17:24:40 [urllib3.connectionpool] DEBUG: Starting new HTTPS connection (1): inews.gtimg.com:443
2022-03-10 17:24:40 [urllib3.connectionpool] DEBUG: https://inews.gtimg.com:443 "GET /newsapp_bt/0/14611587557/1000 HTTP/1.1" 200 65087
2022-03-10 17:24:40 [urllib3.connectionpool] DEBUG: Starting new HTTPS connection (1): inews.gtimg.com:443
2022-03-10 17:24:40 [urllib3.connectionpool] DEBUG: https://inews.gtimg.com:443 "GET /newsapp_bt/0/14611587558/1000 HTTP/1.1" 200 71130
2022-03-10 17:24:40 [urllib3.connectionpool] DEBUG: Starting new HTTPS connection (1): inews.gtimg.com:443
2022-03-10 17:24:41 [urllib3.connectionpool] DEBUG: https://inews.gtimg.com:443 "GET /newsapp_bt/0/14611587734/1000 HTTP/1.1" 200 81077
2022-03-10 17:24:41 [scrapy.core.scraper] ERROR: Error processing {'author': '南部战区',
 'content': '作者|时运来、李平、杨生录他们在风雨中重启轰鸣的战车在没有硝烟的战场默默无闻是边防线上不可替代的“铁骑神医”下面就请跟随小编走进南部战区陆军某边防旅修理连看看装甲修理兵的日常镜头一：你认真的样子真的很帅只有舍得打磨自己才能越磨越锋利他们进车间、钻车底检测维修、维护保养面对故障聚精会神几个小时是常态他们认真钻研不怕苦累的样子真的很帅▲底盘摇臂检修▲检查发动机附件箱▲维修机枪射击孔▲检测仪表盘镜头二：像螺丝钉一样坚守岗位提起自己新兵下连分配到修理分队二级上士陈清铭笑着说“当时一心想当特种兵没想到来了这心里还是有一定落差。”多亏班长的耐心开导，真心帮带陈清铭才度过难关逐渐成长为连队的修理能手还练就了“听声辨障”的能力你瞧他又钻进车间为爱车做“体检”▲陈清铭在维修离合器助理缸▲修理炮塔▲夜间检查装备镜头三：“手艺人”的传承保障力就是战斗力为了精专业保战斗力维修间里老师傅带小徒弟随处可见每一名“修车大拿”都毫无保留地把自己所学传授给年轻同志让他们继续发扬“工匠”精神为战斗力保驾护航▲讲解涡轮增压器▲搞好传帮带▲跟“师傅”学习检测维修▲密切配合▲分享经验南部战区权威发布监制：梁启英田军里编审：刘道付姜博西主编：孙炳祥责编：汪尚建版式：侯鲁晋免责声明：本文来自腾讯新闻客户端创作者，不代表腾讯网的观点和立场。',
 'followNum': '',
 'fromWhere': '',
 'img_url': ['//inews.gtimg.com/newsapp_bt/0/14611587117/1000',
             '//inews.gtimg.com/newsapp_bt/0/14611587118/1000',
             '//inews.gtimg.com/newsapp_bt/0/14611587253/1000',
             '//inews.gtimg.com/newsapp_bt/0/14611587254/1000',
             '//inews.gtimg.com/newsapp_bt/0/14611587255/1000',
             '//inews.gtimg.com/newsapp_bt/0/14611587407/1000',
             '//inews.gtimg.com/newsapp_bt/0/14611587408/1000',
             '//inews.gtimg.com/newsapp_bt/0/14611587409/1000',
             '//inews.gtimg.com/newsapp_bt/0/14611587556/1000',
             '//inews.gtimg.com/newsapp_bt/0/14611587557/1000',
             '//inews.gtimg.com/newsapp_bt/0/14611587558/1000',
             '//inews.gtimg.com/newsapp_bt/0/14611587734/1000'],
 'pubTime': '2022/03/10 15:57',
 'readNum': '',
 'regTime': '',
 'retweetNum': '',
 'source': '腾讯军事',
 'timestamp': '20220310172438',
 'title': '一起围观｜装甲修理兵的日常',
 'url': 'https://new.qq.com/omn/20220310/20220310A06FSV00.html'}
Traceback (most recent call last):
  File "D:\Python\Crawler_hyx\venv\lib\site-packages\twisted\internet\defer.py", line 857, in _runCallbacks
    current.result = callback(  # type: ignore[misc]
  File "D:\Python\Crawler_hyx\venv\lib\site-packages\scrapy\utils\defer.py", line 150, in f
    return deferred_from_coro(coro_f(*coro_args, **coro_kwargs))
  File "D:\Python\Crawler_hyx\venv\lib\site-packages\scrapy\pipelines\media.py", line 88, in process_item
    dlist = [self._process_request(r, info, item) for r in requests]
  File "D:\Python\Crawler_hyx\venv\lib\site-packages\scrapy\pipelines\media.py", line 88, in <listcomp>
    dlist = [self._process_request(r, info, item) for r in requests]
  File "D:\Python\Crawler_hyx\Crawl_hyx\Crawl_hyx\pipelines.py", line 165, in get_media_requests
    yield scrapy.Request(url)
  File "D:\Python\Crawler_hyx\venv\lib\site-packages\scrapy\http\request\__init__.py", line 25, in __init__
    self._set_url(url)
  File "D:\Python\Crawler_hyx\venv\lib\site-packages\scrapy\http\request\__init__.py", line 73, in _set_url
    raise ValueError(f'Missing scheme in request url: {self._url}')
ValueError: Missing scheme in request url: //inews.gtimg.com/newsapp_bt/0/14611587117/1000
2022-03-10 17:24:41 [selenium.webdriver.remote.remote_connection] DEBUG: POST http://localhost:60995/session/94295ad70cb9cd7a02416c89dcd982a0/url {"url": "https://new.qq.com/omn/20220310/20220310A06GKA00.html"}
2022-03-10 17:24:41 [urllib3.connectionpool] DEBUG: http://localhost:60995 "POST /session/94295ad70cb9cd7a02416c89dcd982a0/url HTTP/1.1" 200 14
2022-03-10 17:24:41 [selenium.webdriver.remote.remote_connection] DEBUG: Finished Request
2022-03-10 17:24:41 [selenium.webdriver.remote.remote_connection] DEBUG: POST http://localhost:60995/session/94295ad70cb9cd7a02416c89dcd982a0/timeouts {"implicit": 10000}
2022-03-10 17:24:41 [urllib3.connectionpool] DEBUG: http://localhost:60995 "POST /session/94295ad70cb9cd7a02416c89dcd982a0/timeouts HTTP/1.1" 200 14
2022-03-10 17:24:41 [selenium.webdriver.remote.remote_connection] DEBUG: Finished Request
2022-03-10 17:24:41 [urllib3.connectionpool] DEBUG: Starting new HTTPS connection (1): inews.gtimg.com:443
2022-03-10 17:24:42 [urllib3.connectionpool] DEBUG: https://inews.gtimg.com:443 "GET /newsapp_bt/0/14611594474/1000 HTTP/1.1" 200 239505
2022-03-10 17:24:42 [scrapy.core.scraper] ERROR: Error processing {'author': '解放军新闻传播中心融媒体',
 'content': '#军微观两会#【侯胜亮代表：不断推进依法治边】侯胜亮代表建议：学习贯彻陆地国界法，应始终突出维护主权、安全、发展利益的立法根本，以法律手段凝聚社会力量，形成强边固防的整体合力。国家有关部门和沿边各级政府职能部门应抽组专业力量，根据边境地区实际，因地制宜灵活开展普法宣传活动，同时紧贴职责、联系实际学法用法讲法，针对存在的问题完善落实措施，精准发力。#军营两会直通车#解放军报微博·中国军号免责声明：本文来自腾讯新闻客户端创作者，不代表腾讯网的观点和立场。',
 'followNum': '',
 'fromWhere': '',
 'img_url': ['//inews.gtimg.com/newsapp_bt/0/14611594474/1000'],
 'pubTime': '2022/03/10 16:02',
 'readNum': '',
 'regTime': '',
 'retweetNum': '',
 'source': '腾讯军事',
 'timestamp': '20220310172441',
 'title': '侯胜亮代表：不断推进依法治边',
 'url': 'https://new.qq.com/omn/20220310/20220310A06GKA00.html'}
Traceback (most recent call last):
  File "D:\Python\Crawler_hyx\venv\lib\site-packages\twisted\internet\defer.py", line 857, in _runCallbacks
    current.result = callback(  # type: ignore[misc]
  File "D:\Python\Crawler_hyx\venv\lib\site-packages\scrapy\utils\defer.py", line 150, in f
    return deferred_from_coro(coro_f(*coro_args, **coro_kwargs))
  File "D:\Python\Crawler_hyx\venv\lib\site-packages\scrapy\pipelines\media.py", line 88, in process_item
    dlist = [self._process_request(r, info, item) for r in requests]
  File "D:\Python\Crawler_hyx\venv\lib\site-packages\scrapy\pipelines\media.py", line 88, in <listcomp>
    dlist = [self._process_request(r, info, item) for r in requests]
  File "D:\Python\Crawler_hyx\Crawl_hyx\Crawl_hyx\pipelines.py", line 165, in get_media_requests
    yield scrapy.Request(url)
  File "D:\Python\Crawler_hyx\venv\lib\site-packages\scrapy\http\request\__init__.py", line 25, in __init__
    self._set_url(url)
  File "D:\Python\Crawler_hyx\venv\lib\site-packages\scrapy\http\request\__init__.py", line 73, in _set_url
    raise ValueError(f'Missing scheme in request url: {self._url}')
ValueError: Missing scheme in request url: //inews.gtimg.com/newsapp_bt/0/14611594474/1000
2022-03-10 17:24:42 [selenium.webdriver.remote.remote_connection] DEBUG: POST http://localhost:60995/session/94295ad70cb9cd7a02416c89dcd982a0/url {"url": "https://new.qq.com/omn/20220310/20220310A06HOH00.html"}
2022-03-10 17:24:42 [urllib3.connectionpool] DEBUG: http://localhost:60995 "POST /session/94295ad70cb9cd7a02416c89dcd982a0/url HTTP/1.1" 200 14
2022-03-10 17:24:42 [selenium.webdriver.remote.remote_connection] DEBUG: Finished Request
2022-03-10 17:24:42 [selenium.webdriver.remote.remote_connection] DEBUG: POST http://localhost:60995/session/94295ad70cb9cd7a02416c89dcd982a0/timeouts {"implicit": 10000}
2022-03-10 17:24:42 [urllib3.connectionpool] DEBUG: http://localhost:60995 "POST /session/94295ad70cb9cd7a02416c89dcd982a0/timeouts HTTP/1.1" 200 14
2022-03-10 17:24:42 [selenium.webdriver.remote.remote_connection] DEBUG: Finished Request
2022-03-10 17:24:42 [urllib3.connectionpool] DEBUG: Starting new HTTPS connection (1): inews.gtimg.com:443
2022-03-10 17:24:43 [urllib3.connectionpool] DEBUG: https://inews.gtimg.com:443 "GET /newsapp_bt/0/14611600675/1000 HTTP/1.1" 200 61602
2022-03-10 17:24:43 [scrapy.core.scraper] ERROR: Error processing {'author': '环球时报国际',
 'content': '资料图据今日俄罗斯电视台（RT）9日报道，俄罗斯外交部发言人扎哈罗娃表示，俄方无意推翻乌克兰目前的领导层。她说，“（军事行动）的目标不包括占领乌克兰、摧毁其国家地位或推翻现政府，也不是针对平民。”这位女发言人重申，莫斯科希望保卫“顿涅茨克人民共和国”和“卢甘斯克人民共和国”，这两个地区在2014年乌克兰危机爆发后自行宣布独立。她还称，俄罗斯寻求乌克兰的“非军事化和去纳粹化”，指责北约已经在用武器“淹没”乌克兰，这对莫斯科造成“军事威胁”。与此同时，乌克兰总统泽连斯基反复表示，乌克兰从未对俄罗斯构成威胁。基辅方面称，俄罗斯的进攻完全是无缘无故的，并否认其计划用武力夺回顿巴斯地区的说法。（编辑：WDQ）免责声明：本文来自腾讯新闻客户端创作者，不代表腾讯网的观点和立场。',
 'followNum': '',
 'fromWhere': '',
 'img_url': ['//inews.gtimg.com/newsapp_bt/0/14611600675/1000'],
 'pubTime': '2022/03/10 16:04',
 'readNum': '',
 'regTime': '',
 'retweetNum': '',
 'source': '腾讯军事',
 'timestamp': '20220310172442',
 'title': '泽连斯基稳了？！俄外交部：俄方不寻求在乌克兰政权更迭',
 'url': 'https://new.qq.com/omn/20220310/20220310A06HOH00.html'}
Traceback (most recent call last):
  File "D:\Python\Crawler_hyx\venv\lib\site-packages\twisted\internet\defer.py", line 857, in _runCallbacks
    current.result = callback(  # type: ignore[misc]
  File "D:\Python\Crawler_hyx\venv\lib\site-packages\scrapy\utils\defer.py", line 150, in f
    return deferred_from_coro(coro_f(*coro_args, **coro_kwargs))
  File "D:\Python\Crawler_hyx\venv\lib\site-packages\scrapy\pipelines\media.py", line 88, in process_item
    dlist = [self._process_request(r, info, item) for r in requests]
  File "D:\Python\Crawler_hyx\venv\lib\site-packages\scrapy\pipelines\media.py", line 88, in <listcomp>
    dlist = [self._process_request(r, info, item) for r in requests]
  File "D:\Python\Crawler_hyx\Crawl_hyx\Crawl_hyx\pipelines.py", line 165, in get_media_requests
    yield scrapy.Request(url)
  File "D:\Python\Crawler_hyx\venv\lib\site-packages\scrapy\http\request\__init__.py", line 25, in __init__
    self._set_url(url)
  File "D:\Python\Crawler_hyx\venv\lib\site-packages\scrapy\http\request\__init__.py", line 73, in _set_url
    raise ValueError(f'Missing scheme in request url: {self._url}')
ValueError: Missing scheme in request url: //inews.gtimg.com/newsapp_bt/0/14611600675/1000
2022-03-10 17:24:43 [scrapy.downloadermiddlewares.redirect] DEBUG: Redirecting (302) to <GET https://new.qq.com/notfound.htm?uri=http://new.qq.com/omn/DSG20220/DSG2022031000589600.html> from <GET http://new.qq.com/notfound.htm?uri=http://new.qq.com/omn/DSG20220/DSG2022031000589600.html>
2022-03-10 17:24:43 [selenium.webdriver.remote.remote_connection] DEBUG: POST http://localhost:60995/session/94295ad70cb9cd7a02416c89dcd982a0/url {"url": "https://new.qq.com/omn/20220310/20220310A06TWK00.html"}
2022-03-10 17:24:44 [urllib3.connectionpool] DEBUG: http://localhost:60995 "POST /session/94295ad70cb9cd7a02416c89dcd982a0/url HTTP/1.1" 200 14
2022-03-10 17:24:44 [selenium.webdriver.remote.remote_connection] DEBUG: Finished Request
2022-03-10 17:24:44 [selenium.webdriver.remote.remote_connection] DEBUG: POST http://localhost:60995/session/94295ad70cb9cd7a02416c89dcd982a0/timeouts {"implicit": 10000}
2022-03-10 17:24:44 [urllib3.connectionpool] DEBUG: http://localhost:60995 "POST /session/94295ad70cb9cd7a02416c89dcd982a0/timeouts HTTP/1.1" 200 14
2022-03-10 17:24:44 [selenium.webdriver.remote.remote_connection] DEBUG: Finished Request
2022-03-10 17:24:44 [scrapy.core.scraper] DEBUG: Scraped from <200 https://new.qq.com/omn/20220310/20220310A06TWK00.html>
{'author': '环球网',
 'content': '【环球网报道】据俄罗斯卫星通讯社10日报道，当地时间10日上午，俄罗斯外长拉夫罗夫和乌克兰外长库列巴在土耳其安塔利亚开始举行会谈。这是自2月24日俄罗斯对乌克兰发动特别军事行动以来，俄乌高层首次直接接触。免责声明：本文来自腾讯新闻客户端创作者，不代表腾讯网的观点和立场。',
 'followNum': '',
 'fromWhere': '',
 'img_url': [],
 'pubTime': '2022/03/10 16:28',
 'readNum': '',
 'regTime': '',
 'retweetNum': '',
 'source': '腾讯军事',
 'timestamp': '20220310172444',
 'title': '开战后首次高层直接接触！俄乌外长在土耳其开始会谈',
 'url': 'https://new.qq.com/omn/20220310/20220310A06TWK00.html'}
2022-03-10 17:24:44 [selenium.webdriver.remote.remote_connection] DEBUG: POST http://localhost:60995/session/94295ad70cb9cd7a02416c89dcd982a0/url {"url": "https://new.qq.com/notfound.htm?uri=http://new.qq.com/omn/DSG20220/DSG2022031000589600.html"}
2022-03-10 17:24:45 [urllib3.connectionpool] DEBUG: http://localhost:60995 "POST /session/94295ad70cb9cd7a02416c89dcd982a0/url HTTP/1.1" 200 14
2022-03-10 17:24:45 [selenium.webdriver.remote.remote_connection] DEBUG: Finished Request
2022-03-10 17:24:47 [selenium.webdriver.remote.remote_connection] DEBUG: GET http://localhost:60995/session/94295ad70cb9cd7a02416c89dcd982a0/source {}
2022-03-10 17:24:47 [urllib3.connectionpool] DEBUG: http://localhost:60995 "GET /session/94295ad70cb9cd7a02416c89dcd982a0/source HTTP/1.1" 200 65102
2022-03-10 17:24:47 [selenium.webdriver.remote.remote_connection] DEBUG: Finished Request
2022-03-10 17:24:47 [scrapy.core.engine] DEBUG: Crawled (200) <GET https://new.qq.com/notfound.htm?uri=http://new.qq.com/omn/DSG20220/DSG2022031000589600.html> (referer: None)
2022-03-10 17:24:47 [selenium.webdriver.remote.remote_connection] DEBUG: POST http://localhost:60995/session/94295ad70cb9cd7a02416c89dcd982a0/url {"url": "https://new.qq.com/notfound.htm?uri=http://new.qq.com/omn/DSG20220/DSG2022031000589600.html"}
2022-03-10 17:24:48 [urllib3.connectionpool] DEBUG: http://localhost:60995 "POST /session/94295ad70cb9cd7a02416c89dcd982a0/url HTTP/1.1" 200 14
2022-03-10 17:24:48 [selenium.webdriver.remote.remote_connection] DEBUG: Finished Request
2022-03-10 17:24:48 [selenium.webdriver.remote.remote_connection] DEBUG: POST http://localhost:60995/session/94295ad70cb9cd7a02416c89dcd982a0/timeouts {"implicit": 10000}
2022-03-10 17:24:48 [urllib3.connectionpool] DEBUG: http://localhost:60995 "POST /session/94295ad70cb9cd7a02416c89dcd982a0/timeouts HTTP/1.1" 200 14
2022-03-10 17:24:48 [selenium.webdriver.remote.remote_connection] DEBUG: Finished Request
2022-03-10 17:24:48 [scrapy.core.scraper] ERROR: Spider error processing <GET https://new.qq.com/notfound.htm?uri=http://new.qq.com/omn/DSG20220/DSG2022031000589600.html> (referer: None)
Traceback (most recent call last):
  File "D:\Python\Crawler_hyx\venv\lib\site-packages\scrapy\utils\defer.py", line 120, in iter_errback
    yield next(it)
  File "D:\Python\Crawler_hyx\venv\lib\site-packages\scrapy\utils\python.py", line 353, in __next__
    return next(self.data)
  File "D:\Python\Crawler_hyx\venv\lib\site-packages\scrapy\utils\python.py", line 353, in __next__
    return next(self.data)
  File "D:\Python\Crawler_hyx\venv\lib\site-packages\scrapy\core\spidermw.py", line 56, in _evaluate_iterable
    for r in iterable:
  File "D:\Python\Crawler_hyx\venv\lib\site-packages\scrapy\spidermiddlewares\offsite.py", line 29, in process_spider_output
    for x in result:
  File "D:\Python\Crawler_hyx\venv\lib\site-packages\scrapy\core\spidermw.py", line 56, in _evaluate_iterable
    for r in iterable:
  File "D:\Python\Crawler_hyx\venv\lib\site-packages\scrapy\spidermiddlewares\referer.py", line 342, in <genexpr>
    return (_set_referer(r) for r in result or ())
  File "D:\Python\Crawler_hyx\venv\lib\site-packages\scrapy\core\spidermw.py", line 56, in _evaluate_iterable
    for r in iterable:
  File "D:\Python\Crawler_hyx\venv\lib\site-packages\scrapy\spidermiddlewares\urllength.py", line 40, in <genexpr>
    return (r for r in result or () if _filter(r))
  File "D:\Python\Crawler_hyx\venv\lib\site-packages\scrapy\core\spidermw.py", line 56, in _evaluate_iterable
    for r in iterable:
  File "D:\Python\Crawler_hyx\venv\lib\site-packages\scrapy\spidermiddlewares\depth.py", line 58, in <genexpr>
    return (r for r in result or () if _filter(r))
  File "D:\Python\Crawler_hyx\venv\lib\site-packages\scrapy\core\spidermw.py", line 56, in _evaluate_iterable
    for r in iterable:
  File "D:\Python\Crawler_hyx\Crawl_hyx\Crawl_hyx\spiders\tengxun.py", line 104, in parse_detail
    pubTime = year + '/' + date + ' ' + time
TypeError: unsupported operand type(s) for +: 'NoneType' and 'str'
2022-03-10 17:24:48 [scrapy.core.engine] INFO: Closing spider (finished)
2022-03-10 17:24:48 [scrapy.core.engine] ERROR: Scraper close failure
Traceback (most recent call last):
  File "D:\Python\Crawler_hyx\venv\lib\site-packages\twisted\internet\defer.py", line 857, in _runCallbacks
    current.result = callback(  # type: ignore[misc]
  File "D:\Python\Crawler_hyx\Crawl_hyx\Crawl_hyx\pipelines.py", line 101, in close_spider
    self.file.write(str(self.count))
ValueError: I/O operation on closed file.
2022-03-10 17:24:48 [selenium.webdriver.remote.remote_connection] DEBUG: DELETE http://localhost:60995/session/94295ad70cb9cd7a02416c89dcd982a0 {}
2022-03-10 17:24:48 [urllib3.connectionpool] DEBUG: http://localhost:60995 "DELETE /session/94295ad70cb9cd7a02416c89dcd982a0 HTTP/1.1" 200 14
2022-03-10 17:24:48 [selenium.webdriver.remote.remote_connection] DEBUG: Finished Request
2022-03-10 17:24:51 [scrapy.statscollectors] INFO: Dumping Scrapy stats:
{'downloader/request_bytes': 5615,
 'downloader/request_count': 20,
 'downloader/request_method_count/GET': 20,
 'downloader/response_bytes': 67296,
 'downloader/response_count': 20,
 'downloader/response_status_count/200': 18,
 'downloader/response_status_count/302': 2,
 'elapsed_time_seconds': 102.247922,
 'finish_reason': 'finished',
 'finish_time': datetime.datetime(2022, 3, 10, 9, 24, 48, 298584),
 'httpcompression/response_bytes': 139046,
 'httpcompression/response_count': 18,
 'item_scraped_count': 1,
 'log_count/DEBUG': 358,
 'log_count/ERROR': 17,
 'log_count/INFO': 11,
 'request_depth_max': 1,
 'response_received_count': 18,
 'scheduler/dequeued': 20,
 'scheduler/dequeued/memory': 20,
 'scheduler/enqueued': 20,
 'scheduler/enqueued/memory': 20,
 'spider_exceptions/TypeError': 1,
 'start_time': datetime.datetime(2022, 3, 10, 9, 23, 6, 50662)}
2022-03-10 17:24:51 [scrapy.core.engine] INFO: Spider closed (finished)
